epoch,accuracy,loss,lr,val_accuracy,val_loss
0,0.5326002836227417,0.757758617401123,0.0002,0.5869624018669128,0.6700512170791626
1,0.619188666343689,0.6506664752960205,0.0002,0.6610445380210876,0.635822594165802
2,0.6569613814353943,0.6195904016494751,0.0002,0.7124572992324829,0.5968418121337891
3,0.6767154335975647,0.5997874140739441,0.0002,0.7317641973495483,0.5747816562652588
4,0.7000148892402649,0.5716330409049988,0.0002,0.713325023651123,0.5536841154098511
5,0.7226365208625793,0.5442804098129272,0.0002,0.7132165431976318,0.5509131550788879
6,0.734174370765686,0.5279479026794434,0.0002,0.7658224701881409,0.5035082101821899
7,0.7496983408927917,0.5053330063819885,0.0002,0.7980367541313171,0.4528370499610901
8,0.7688829302787781,0.4750599265098572,0.0002,0.7202668190002441,0.5190377235412598
9,0.7812953591346741,0.4565412998199463,0.0002,0.7757470607757568,0.4585791230201721
10,0.7888674736022949,0.44247448444366455,0.0002,0.8045989274978638,0.43781381845474243
11,0.795463502407074,0.43268609046936035,0.0002,0.8263463377952576,0.3980198800563812
12,0.801442563533783,0.42294737696647644,0.0002,0.8318780660629272,0.39516982436180115
13,0.8039372563362122,0.4173925518989563,0.0002,0.835294783115387,0.385415256023407
14,0.8091367483139038,0.4105420708656311,0.0002,0.8319865465164185,0.4118541479110718
15,0.8119568228721619,0.40463072061538696,0.0002,0.8337762355804443,0.38933658599853516
16,0.8150209188461304,0.400517076253891,0.0002,0.8377352356910706,0.38857153058052063
17,0.8181189298629761,0.3944585919380188,0.0002,0.838874101638794,0.38589805364608765
18,0.818715512752533,0.39253485202789307,0.0002,0.838114857673645,0.37434932589530945
19,0.820193350315094,0.38918337225914,0.0002,0.827756404876709,0.3890843689441681
20,0.8230947852134705,0.38592904806137085,0.0002,0.8402299284934998,0.37545061111450195
21,0.8366460204124451,0.3623751997947693,1e-04,0.8422908186912537,0.3643648624420166
22,0.8394864201545715,0.3586455285549164,1e-04,0.8439177870750427,0.3669658601284027
23,0.8396897912025452,0.3575126826763153,1e-04,0.8397418260574341,0.3657284379005432
24,0.8408557772636414,0.3564622402191162,1e-04,0.8404468894004822,0.3685218393802643
25,0.8416963815689087,0.35513201355934143,1e-04,0.8435924053192139,0.36649268865585327
26,0.8420285582542419,0.35355517268180847,1e-04,0.8457074761390686,0.35720375180244446
27,0.8419268727302551,0.35445719957351685,1e-04,0.8473344445228577,0.3497912883758545
28,0.8428081274032593,0.35121864080429077,1e-04,0.8202722668647766,0.39081498980522156
29,0.841343879699707,0.3530157506465912,1e-04,0.8082867860794067,0.4133830666542053
30,0.842313289642334,0.3510783612728119,1e-04,0.8398503065109253,0.3619849383831024
31,0.8434928059577942,0.3485950231552124,1e-04,0.8413688540458679,0.3607409596443176
32,0.8444079756736755,0.3479195535182953,1e-04,0.8463040590286255,0.3518647849559784
33,0.845695972442627,0.3472785949707031,1e-04,0.8377352356910706,0.36124199628829956
34,0.8445232510566711,0.3467109799385071,1e-04,0.8459786176681519,0.3539104163646698
35,0.8439537882804871,0.3490862548351288,1e-04,0.8420738577842712,0.3609454333782196
36,0.8450520038604736,0.34652236104011536,1e-04,0.8431585431098938,0.3604103624820709
37,0.8447604775428772,0.3488162159919739,1e-04,0.8370844125747681,0.3652563691139221
38,0.8457502126693726,0.34543392062187195,1e-04,0.8480936884880066,0.34944653511047363
39,0.8454384207725525,0.3462730050086975,1e-04,0.8458159565925598,0.3542657196521759
40,0.8463332056999207,0.3457600474357605,1e-04,0.8486360311508179,0.3452482223510742
41,0.8463603258132935,0.3446350395679474,1e-04,0.8496122360229492,0.34614869952201843
42,0.8469094634056091,0.34335049986839294,1e-04,0.8457617163658142,0.35832664370536804
43,0.847234845161438,0.3446555435657501,1e-04,0.8455447554588318,0.3533931374549866
44,0.8476687073707581,0.3416632413864136,1e-04,0.8422365784645081,0.359209805727005
45,0.8471466898918152,0.34080326557159424,1e-04,0.8487445116043091,0.3455398976802826
46,0.8479805588722229,0.3404442369937897,1e-04,0.8419111371040344,0.35786059498786926
47,0.8478246331214905,0.34150516986846924,1e-04,0.8464667201042175,0.3491801917552948
48,0.8471263647079468,0.3415873646736145,1e-04,0.8454362750053406,0.35451021790504456
49,0.8482856154441833,0.3401241898536682,1e-04,0.8417484760284424,0.35995420813560486
50,0.8483262658119202,0.340194433927536,1e-04,0.8501003384590149,0.3490312099456787
51,0.8482517004013062,0.3394511640071869,1e-04,0.8323661684989929,0.37457266449928284
52,0.8491668701171875,0.33874911069869995,1e-04,0.8517815470695496,0.34286946058273315
53,0.8494380116462708,0.33952170610427856,1e-04,0.8495579957962036,0.3497115671634674
54,0.8489024639129639,0.33848732709884644,1e-04,0.838874101638794,0.3546575903892517
55,0.8477364778518677,0.3375875949859619,1e-04,0.846846342086792,0.3484141528606415
56,0.8493905663490295,0.3375243544578552,1e-04,0.8269429206848145,0.39493483304977417
57,0.8500413298606873,0.3381965160369873,1e-04,0.8492868542671204,0.3456207811832428
58,0.850054919719696,0.33542174100875854,1e-04,0.8457074761390686,0.3516075313091278
59,0.8498921990394592,0.33633193373680115,1e-04,0.8443516492843628,0.3500780761241913
60,0.8521699905395508,0.3342306911945343,1e-04,0.8506969213485718,0.3476923406124115
61,0.8506107926368713,0.3356454372406006,1e-04,0.8476056456565857,0.34714651107788086
62,0.8518106937408447,0.33361291885375977,1e-04,0.8455447554588318,0.3495178520679474
63,0.8538376092910767,0.331895112991333,1e-04,0.8509138226509094,0.3402268886566162
64,0.8512277007102966,0.3340283930301666,1e-04,0.8482564091682434,0.3490806221961975
65,0.8535257577896118,0.33168020844459534,1e-04,0.8489614129066467,0.3515304923057556
66,0.8515394926071167,0.333922415971756,1e-04,0.842995822429657,0.35227394104003906
67,0.8513700366020203,0.3319382071495056,1e-04,0.840772271156311,0.35149407386779785
68,0.8518445491790771,0.3316720724105835,1e-04,0.8504257202148438,0.34453898668289185
69,0.8526241779327393,0.3309309482574463,1e-04,0.84153151512146,0.3617227077484131
70,0.8545697331428528,0.3295173645019531,1e-04,0.8502088189125061,0.3446813225746155
71,0.8520547151565552,0.3323145806789398,1e-04,0.8474971652030945,0.34901049733161926
72,0.8528749942779541,0.3327542245388031,1e-04,0.8510765433311462,0.34394896030426025
73,0.853349506855011,0.3310164511203766,1e-04,0.8540593385696411,0.3435393273830414
74,0.8531732559204102,0.3312824070453644,1e-04,0.8513476848602295,0.33984196186065674
75,0.8513429164886475,0.33260008692741394,1e-04,0.8421823382377625,0.35573744773864746
76,0.854901909828186,0.32835450768470764,1e-04,0.8404468894004822,0.3535664677619934
77,0.8543189167976379,0.327780544757843,1e-04,0.8490156531333923,0.34053274989128113
78,0.8533020615577698,0.3290528655052185,1e-04,0.8544932007789612,0.3390180468559265
79,0.853261411190033,0.32845234870910645,1e-04,0.8494495153427124,0.34090885519981384
80,0.8530105352401733,0.33014026284217834,1e-04,0.8516188263893127,0.3362988531589508
81,0.8614978790283203,0.31469106674194336,5e-05,0.8487987518310547,0.3412289321422577
82,0.863551914691925,0.3112630546092987,5e-05,0.8512934446334839,0.3346790075302124
83,0.8635044693946838,0.3112542927265167,5e-05,0.8488529920578003,0.3466035723686218
84,0.8621622323989868,0.31291326880455017,5e-05,0.8495579957962036,0.3385981321334839
85,0.8632468581199646,0.31116431951522827,5e-05,0.8557405471801758,0.33095553517341614
86,0.8637281656265259,0.31092214584350586,5e-05,0.8515646457672119,0.34065839648246765
87,0.8632062077522278,0.31116053462028503,5e-05,0.8535712361335754,0.3302563726902008
88,0.8640468120574951,0.309262752532959,5e-05,0.8532458543777466,0.337037593126297
89,0.8634434938430786,0.31122350692749023,5e-05,0.8533000946044922,0.3323393762111664
90,0.8636061549186707,0.3108762502670288,5e-05,0.854655921459198,0.32997795939445496
91,0.8647586107254028,0.3096064329147339,5e-05,0.8522696495056152,0.3313359320163727
92,0.8629553914070129,0.31056898832321167,5e-05,0.8515104055404663,0.3371330201625824
93,0.864433228969574,0.3085489571094513,5e-05,0.8516188263893127,0.3341446816921234
94,0.86435866355896,0.30951669812202454,5e-05,0.8471717834472656,0.3374590277671814
95,0.8647179007530212,0.30957359075546265,5e-05,0.8506969213485718,0.334532231092453
96,0.8649755120277405,0.30831560492515564,5e-05,0.8546016812324524,0.3272313177585602
97,0.8652127981185913,0.3093128502368927,5e-05,0.8524865508079529,0.33434101939201355
98,0.8641145825386047,0.3092474937438965,5e-05,0.8538966178894043,0.3357706665992737
99,0.864745020866394,0.30918359756469727,5e-05,0.853191614151001,0.3302631974220276
100,0.8655178546905518,0.3069474697113037,5e-05,0.853354275226593,0.32974153757095337
101,0.8639451265335083,0.3094022572040558,5e-05,0.8546016812324524,0.32942500710487366
102,0.8653076887130737,0.3065366744995117,5e-05,0.8541135787963867,0.3325030207633972
103,0.8650365471839905,0.3084079623222351,5e-05,0.8556320667266846,0.32642972469329834
104,0.8641010522842407,0.30976346135139465,5e-05,0.8526492714881897,0.3286558985710144
105,0.8638705611228943,0.3092028498649597,5e-05,0.8469548225402832,0.3387978672981262
106,0.8641891479492188,0.30862101912498474,5e-05,0.8548728227615356,0.3343391418457031
107,0.8651924729347229,0.3071220815181732,5e-05,0.8553066849708557,0.33189094066619873
108,0.8657212257385254,0.3081638216972351,5e-05,0.8533000946044922,0.32869869470596313
109,0.8645281195640564,0.3081112802028656,5e-05,0.8569336533546448,0.32490697503089905
110,0.8663448691368103,0.3059532046318054,5e-05,0.8576929569244385,0.32506871223449707
111,0.8648263812065125,0.3077948987483978,5e-05,0.8559032678604126,0.3283883333206177
112,0.865626335144043,0.3071795701980591,5e-05,0.8573675155639648,0.3242330551147461
113,0.8643925189971924,0.3081723153591156,5e-05,0.8538423776626587,0.32906508445739746
114,0.8653280138969421,0.30669060349464417,5e-05,0.8554151654243469,0.3270426392555237
115,0.8664398193359375,0.30703142285346985,5e-05,0.8568794131278992,0.3240406811237335
116,0.8664939999580383,0.3054676651954651,5e-05,0.8551982045173645,0.3289283215999603
117,0.8661008477210999,0.3054603338241577,5e-05,0.8537339568138123,0.3309829831123352
118,0.8648602962493896,0.30705177783966064,5e-05,0.8544932007789612,0.32937008142471313
119,0.8649755120277405,0.307077556848526,5e-05,0.8551982045173645,0.32685837149620056
120,0.8664194345474243,0.30484360456466675,5e-05,0.8562286496162415,0.32495352625846863
121,0.8657347559928894,0.30594441294670105,5e-05,0.8491783738136292,0.339528352022171
122,0.8674362897872925,0.3043941259384155,5e-05,0.8551982045173645,0.3286527991294861
123,0.8661008477210999,0.3043598234653473,5e-05,0.8557947874069214,0.3253631293773651
124,0.865924596786499,0.30553773045539856,5e-05,0.8540593385696411,0.3348507881164551
125,0.8664059042930603,0.3049059510231018,5e-05,0.8550355434417725,0.3251851499080658
126,0.8667719960212708,0.3050321042537689,5e-05,0.8533000946044922,0.3313019275665283
127,0.867890477180481,0.30304205417633057,5e-05,0.8575302362442017,0.3220263123512268
128,0.8663448691368103,0.3049984872341156,5e-05,0.8530288934707642,0.3319067060947418
129,0.8675515651702881,0.3026812672615051,5e-05,0.8563371300697327,0.324204683303833
130,0.8679854273796082,0.3028532862663269,5e-05,0.8552524447441101,0.32875820994377136
131,0.865938127040863,0.30503007769584656,5e-05,0.8562286496162415,0.32575520873069763
132,0.8666770458221436,0.30427828431129456,5e-05,0.8560659289360046,0.3278963267803192
133,0.8662499785423279,0.30414658784866333,5e-05,0.8586149215698242,0.32237493991851807
134,0.867205798625946,0.3027689754962921,5e-05,0.849341094493866,0.3342875838279724
135,0.86696857213974,0.3032935559749603,5e-05,0.8565540313720703,0.3233838975429535
136,0.8668397665023804,0.30297213792800903,5e-05,0.858235239982605,0.32722169160842896
137,0.8672803640365601,0.3031931519508362,5e-05,0.8565540313720703,0.32808545231819153
138,0.8672803640365601,0.3032781779766083,5e-05,0.8585606813430786,0.3218004107475281
139,0.8664939999580383,0.3045143485069275,5e-05,0.8586149215698242,0.3206416070461273
140,0.8674430847167969,0.30198124051094055,5e-05,0.8509138226509094,0.3323032557964325
141,0.8689412474632263,0.30043479800224304,5e-05,0.8543304800987244,0.3286284804344177
142,0.8687989115715027,0.3004518449306488,5e-05,0.8537339568138123,0.32543015480041504
143,0.8683311343193054,0.3012959361076355,5e-05,0.8567167520523071,0.3245450556278229
144,0.8670363426208496,0.30194738507270813,5e-05,0.8465209603309631,0.33689895272254944
145,0.8672736287117004,0.3027367889881134,5e-05,0.8576387166976929,0.32905909419059753
146,0.868236243724823,0.30097872018814087,5e-05,0.8570963740348816,0.3262498080730438
147,0.8684396147727966,0.2999226748943329,5e-05,0.857475996017456,0.32238084077835083
148,0.8689073324203491,0.3015388548374176,5e-05,0.856011688709259,0.3226114511489868
149,0.8689344525337219,0.3000029921531677,5e-05,0.8567709922790527,0.32725396752357483
150,0.8678159117698669,0.30198946595191956,5e-05,0.8346439599990845,0.35697847604751587
151,0.8670092225074768,0.3022511303424835,5e-05,0.855849027633667,0.33906906843185425
152,0.8681209683418274,0.3018839359283447,5e-05,0.8587233424186707,0.3209350109100342
153,0.8684396147727966,0.30046865344047546,5e-05,0.841802716255188,0.35512444376945496
154,0.8686429858207703,0.29961690306663513,5e-05,0.8569878935813904,0.32030031085014343
155,0.8692395091056824,0.29953497648239136,5e-05,0.8595368266105652,0.3186890482902527
156,0.8690971732139587,0.2998550534248352,5e-05,0.8557405471801758,0.3207830786705017
157,0.8682091236114502,0.30131441354751587,5e-05,0.852920413017273,0.3274093270301819
158,0.868324339389801,0.3003874719142914,5e-05,0.8541678190231323,0.3250124156475067
159,0.86920565366745,0.2993244528770447,5e-05,0.8562828898429871,0.3341960608959198
160,0.867951512336731,0.30020442605018616,5e-05,0.8555236458778381,0.3225977122783661
161,0.8693344593048096,0.29919230937957764,5e-05,0.8578556180000305,0.31866735219955444
162,0.8694700002670288,0.29932117462158203,5e-05,0.8563371300697327,0.3244269788265228
163,0.8680667877197266,0.2997676134109497,5e-05,0.8552524447441101,0.32346048951148987
164,0.8687514662742615,0.29971927404403687,5e-05,0.8588860630989075,0.32307761907577515
165,0.8696259260177612,0.2986855208873749,5e-05,0.8559575080871582,0.3204270899295807
166,0.8690768480300903,0.29808366298675537,5e-05,0.8566625118255615,0.3215009868144989
167,0.8692123889923096,0.29869937896728516,5e-05,0.8578013777732849,0.3199937641620636
168,0.8688802123069763,0.2991727888584137,5e-05,0.8568794131278992,0.3215119242668152
169,0.8691649436950684,0.29824087023735046,5e-05,0.8568794131278992,0.3235296607017517
170,0.8693819046020508,0.2981414496898651,5e-05,0.8580183386802673,0.3178407847881317
171,0.8696056008338928,0.2990516126155853,5e-05,0.8575844764709473,0.3193908929824829
172,0.8676667809486389,0.3007162809371948,5e-05,0.8527035117149353,0.3309716284275055
173,0.8698089718818665,0.29791727662086487,5e-05,0.8564997911453247,0.3301956057548523
174,0.869727611541748,0.29819628596305847,5e-05,0.8557405471801758,0.32524988055229187
175,0.8703038096427917,0.2972143292427063,5e-05,0.8587233424186707,0.3207094669342041
176,0.8704326152801514,0.29673781991004944,5e-05,0.8574217557907104,0.321524441242218
177,0.869727611541748,0.2969989478588104,5e-05,0.8582894802093506,0.3211662471294403
178,0.8707512617111206,0.29622650146484375,5e-05,0.8575302362442017,0.3217162489891052
179,0.869354784488678,0.29771721363067627,5e-05,0.8576387166976929,0.32309311628341675
180,0.8701004385948181,0.29726743698120117,5e-05,0.858506441116333,0.3221788704395294
181,0.8749474883079529,0.28829678893089294,2.5e-05,0.858669102191925,0.31675615906715393
182,0.8751847147941589,0.2880547344684601,2.5e-05,0.8597537875175476,0.31726157665252686
183,0.8743441104888916,0.2894285023212433,2.5e-05,0.8587233424186707,0.3191387355327606
184,0.8753474354743958,0.2875804603099823,2.5e-05,0.8591572046279907,0.3151048719882965
185,0.8749678134918213,0.28763389587402344,2.5e-05,0.8569878935813904,0.32037556171417236
186,0.8751169443130493,0.2871888279914856,2.5e-05,0.8563913702964783,0.3213845193386078
187,0.8748796582221985,0.28751713037490845,2.5e-05,0.8551982045173645,0.3250606060028076
188,0.8750423789024353,0.2869349718093872,2.5e-05,0.8572048544883728,0.3244490623474121
189,0.8750491738319397,0.28731483221054077,2.5e-05,0.8604045510292053,0.31631097197532654
190,0.8754016757011414,0.28692054748535156,2.5e-05,0.8588318228721619,0.31560733914375305
191,0.8761066794395447,0.2863249182701111,2.5e-05,0.8587233424186707,0.3160843253135681
192,0.8755982518196106,0.2866940200328827,2.5e-05,0.8593199253082275,0.31504198908805847
193,0.8752389550209045,0.28646165132522583,2.5e-05,0.8581809997558594,0.3182353675365448
194,0.8757473826408386,0.2869417667388916,2.5e-05,0.8604045510292053,0.3185681998729706
195,0.8749271035194397,0.28621405363082886,2.5e-05,0.8610011339187622,0.3174738585948944
196,0.875754177570343,0.28633949160575867,2.5e-05,0.8574217557907104,0.31785207986831665
197,0.8750966191291809,0.28695815801620483,2.5e-05,0.8611096143722534,0.31244733929634094
198,0.8766896724700928,0.2858577072620392,2.5e-05,0.8545474410057068,0.32267388701438904
199,0.8746559619903564,0.2868073582649231,2.5e-05,0.8541135787963867,0.32346057891845703
200,0.8748729228973389,0.2876383364200592,2.5e-05,0.8602418899536133,0.315188467502594
201,0.8755168914794922,0.2861974239349365,2.5e-05,0.8600249290466309,0.31630071997642517
202,0.8749542236328125,0.28623509407043457,2.5e-05,0.8604045510292053,0.3163921535015106
203,0.8751779198646545,0.28681445121765137,2.5e-05,0.8578013777732849,0.31983786821365356
204,0.8746288418769836,0.2862100899219513,2.5e-05,0.8603503704071045,0.3167590796947479
205,0.8748864531517029,0.2875451147556305,2.5e-05,0.8597537875175476,0.3156059980392456
206,0.8761880397796631,0.2856672704219818,2.5e-05,0.852432370185852,0.33109378814697266
207,0.8751575946807861,0.2866685092449188,2.5e-05,0.8573132753372192,0.31602737307548523
208,0.8764185309410095,0.2864190936088562,2.5e-05,0.8565540313720703,0.32275867462158203
209,0.8762151598930359,0.28567710518836975,2.5e-05,0.8593741655349731,0.3163551092147827
210,0.8751847147941589,0.2865232825279236,2.5e-05,0.8586149215698242,0.32215559482574463
211,0.875530481338501,0.2866136431694031,2.5e-05,0.858669102191925,0.3149821162223816
212,0.8758897185325623,0.2865352928638458,2.5e-05,0.8615977168083191,0.314724862575531
213,0.8760660290718079,0.2859551012516022,2.5e-05,0.8619773387908936,0.3141126334667206
214,0.875259280204773,0.28651532530784607,2.5e-05,0.8602961301803589,0.3144197463989258
215,0.875754177570343,0.285889595746994,2.5e-05,0.8584522008895874,0.32161495089530945
216,0.8762083649635315,0.2848544716835022,2.5e-05,0.8593199253082275,0.3151271939277649
217,0.8763032555580139,0.28471633791923523,2.5e-05,0.8588318228721619,0.3149128556251526
218,0.8767913579940796,0.2848527431488037,2.5e-05,0.8621942400932312,0.31294935941696167
219,0.8760185241699219,0.28449565172195435,2.5e-05,0.8596453070640564,0.3135170638561249
220,0.8757338523864746,0.2857070863246918,2.5e-05,0.8605130314826965,0.31437328457832336
221,0.8760795593261719,0.2854221761226654,2.5e-05,0.8588318228721619,0.31536293029785156
222,0.8760930895805359,0.2850477397441864,2.5e-05,0.8613807559013367,0.3128047287464142
223,0.8761812448501587,0.2841496765613556,2.5e-05,0.8604587912559509,0.3131340742111206
224,0.8768184781074524,0.28447428345680237,2.5e-05,0.8606757521629333,0.3125995099544525
225,0.8758965134620667,0.28469499945640564,2.5e-05,0.8592656850814819,0.3162214756011963
226,0.8760660290718079,0.28453367948532104,2.5e-05,0.8613807559013367,0.31111276149749756
227,0.8758219480514526,0.28489255905151367,2.5e-05,0.8610553741455078,0.31497082114219666
228,0.8762015700340271,0.28529301285743713,2.5e-05,0.8610553741455078,0.3162641227245331
229,0.8762897253036499,0.2852703928947449,2.5e-05,0.8578013777732849,0.32012471556663513
230,0.8765066266059875,0.2847830653190613,2.5e-05,0.8591029644012451,0.3157256245613098
231,0.8761541247367859,0.28402087092399597,2.5e-05,0.8590487837791443,0.31819483637809753
232,0.8759439587593079,0.2841984033584595,2.5e-05,0.8612180948257446,0.31420809030532837
233,0.8755643367767334,0.2850746810436249,2.5e-05,0.8591572046279907,0.3204592168331146
234,0.8770489692687988,0.28363966941833496,2.5e-05,0.8581809997558594,0.32022297382354736
235,0.8775641918182373,0.2834397256374359,2.5e-05,0.8620858192443848,0.31281226873397827
236,0.8760321140289307,0.28568100929260254,2.5e-05,0.8562286496162415,0.3210799992084503
237,0.8764523863792419,0.28490421175956726,2.5e-05,0.857475996017456,0.32503068447113037
238,0.8769404888153076,0.2838684618473053,2.5e-05,0.860892653465271,0.3137769401073456
239,0.8762083649635315,0.2840617895126343,2.5e-05,0.8611096143722534,0.3118329346179962
240,0.8763710856437683,0.28405871987342834,2.5e-05,0.860892653465271,0.31425046920776367
241,0.8766151070594788,0.28338515758514404,2.5e-05,0.8590487837791443,0.315451055765152
242,0.8768252730369568,0.28332486748695374,2.5e-05,0.8602418899536133,0.31208768486976624
243,0.876649022102356,0.28308436274528503,2.5e-05,0.8561744093894958,0.3251446485519409
244,0.8776454925537109,0.28272745013237,2.5e-05,0.8611096143722534,0.3138727843761444
245,0.8764863014221191,0.283493310213089,2.5e-05,0.8625739216804504,0.3126688301563263
246,0.8767303228378296,0.28391802310943604,2.5e-05,0.8594826459884644,0.31421205401420593
247,0.8768794536590576,0.2830599844455719,2.5e-05,0.8595368266105652,0.31838706135749817
248,0.8773133158683777,0.2839668095111847,2.5e-05,0.8593741655349731,0.3153457045555115
249,0.8765947818756104,0.2832295894622803,2.5e-05,0.8593741655349731,0.3145841658115387
250,0.8764998316764832,0.28332969546318054,2.5e-05,0.8605672717094421,0.3127967417240143
251,0.8799232840538025,0.27814042568206787,1.25e-05,0.8597537875175476,0.3128838837146759
252,0.8802283406257629,0.27842703461647034,1.25e-05,0.8601876497268677,0.31241580843925476
253,0.8783980011940002,0.2791963517665863,1.25e-05,0.8616519570350647,0.311073899269104
254,0.878987729549408,0.2794150710105896,1.25e-05,0.8587775826454163,0.3150120973587036
255,0.8791640400886536,0.2789682447910309,1.25e-05,0.8600791692733765,0.31400978565216064
256,0.8793674111366272,0.27779409289360046,1.25e-05,0.8602418899536133,0.3121527433395386
257,0.8801266551017761,0.2777630686759949,1.25e-05,0.8612180948257446,0.31142669916152954
258,0.8797944784164429,0.2774549126625061,1.25e-05,0.8615434765815735,0.3127075731754303
259,0.878974199295044,0.2780141234397888,1.25e-05,0.8620858192443848,0.3115327060222626
260,0.8800656199455261,0.27873915433883667,1.25e-05,0.8615977168083191,0.3117692768573761
261,0.8787233829498291,0.2780248522758484,1.25e-05,0.8618688583374023,0.3127496540546417
262,0.8798351287841797,0.2770119607448578,1.25e-05,0.861163854598999,0.3120010793209076
263,0.8791707754135132,0.2773456871509552,1.25e-05,0.8598622679710388,0.3121064603328705
264,0.879258930683136,0.2779276669025421,1.25e-05,0.8633331656455994,0.3089110851287842
265,0.8800384998321533,0.2785617709159851,1.25e-05,0.8605130314826965,0.3137843906879425
266,0.8797808885574341,0.2779257595539093,1.25e-05,0.861923098564148,0.31264039874076843
267,0.8792521357536316,0.27787867188453674,1.25e-05,0.8615434765815735,0.31329041719436646
268,0.8805537223815918,0.2765021324157715,1.25e-05,0.8592656850814819,0.31313619017601013
269,0.8799232840538025,0.27720561623573303,1.25e-05,0.8604587912559509,0.31720054149627686
270,0.8798283338546753,0.2776969075202942,1.25e-05,0.861163854598999,0.31093302369117737
271,0.8807706236839294,0.27717962861061096,1.25e-05,0.8627908229827881,0.310510516166687
272,0.8803232312202454,0.27699533104896545,1.25e-05,0.8624112010002136,0.3098622262477875
273,0.8791775703430176,0.27837303280830383,1.25e-05,0.8610011339187622,0.31176477670669556
274,0.8801333904266357,0.27714604139328003,1.25e-05,0.8613807559013367,0.31338539719581604
275,0.8796046376228333,0.27716055512428284,1.25e-05,0.8605672717094421,0.3116462230682373
276,0.8812722563743591,0.2762855589389801,1.25e-05,0.8620858192443848,0.3119334876537323
277,0.8788725137710571,0.278383731842041,1.25e-05,0.8595910668373108,0.3157727122306824
278,0.8803503513336182,0.27702590823173523,1.25e-05,0.8626281023025513,0.3118344247341156
279,0.8805875778198242,0.2764700949192047,1.25e-05,0.8620858192443848,0.30946898460388184
280,0.8797605633735657,0.2782653868198395,1.25e-05,0.8627365827560425,0.310925155878067
281,0.8790555596351624,0.2784710228443146,1.25e-05,0.8626823425292969,0.3113698363304138
282,0.880377471446991,0.27724674344062805,1.25e-05,0.8619773387908936,0.31112778186798096
283,0.8790894150733948,0.2774524688720703,1.25e-05,0.8605130314826965,0.3117471933364868
284,0.8800045847892761,0.2775897681713104,1.25e-05,0.8615977168083191,0.3092089593410492
285,0.8807774186134338,0.27639040350914,1.25e-05,0.8617061376571655,0.3121068775653839
286,0.8798419237136841,0.2774975597858429,1.25e-05,0.8624654412269592,0.31156808137893677
287,0.880736768245697,0.276012659072876,1.25e-05,0.8633331656455994,0.3088845908641815
288,0.879631757736206,0.2766251266002655,1.25e-05,0.8626823425292969,0.31074395775794983
289,0.8799639344215393,0.27697640657424927,1.25e-05,0.8597537875175476,0.3145916163921356
290,0.8796656727790833,0.2768559455871582,1.25e-05,0.8613265156745911,0.31049686670303345
291,0.8802893161773682,0.277452290058136,1.25e-05,0.862356960773468,0.3087501525878906
292,0.8805943727493286,0.2760106921195984,1.25e-05,0.8618146181106567,0.31111279129981995
293,0.8801130652427673,0.2765401303768158,1.25e-05,0.861923098564148,0.31021595001220703
294,0.8810553550720215,0.2759329080581665,1.25e-05,0.8621942400932312,0.31082624197006226
295,0.8798622488975525,0.2764836549758911,1.25e-05,0.8628450632095337,0.312031626701355
296,0.880302906036377,0.27635031938552856,1.25e-05,0.8615434765815735,0.3117939829826355
297,0.8811638355255127,0.27606332302093506,1.25e-05,0.8601876497268677,0.31135913729667664
298,0.8801673054695129,0.2769240736961365,1.25e-05,0.8628993034362793,0.30999335646629333
299,0.880675733089447,0.27649596333503723,1.25e-05,0.862356960773468,0.31124603748321533
300,0.8795300722122192,0.2771203815937042,1.25e-05,0.8618146181106567,0.3092539310455322
301,0.880689263343811,0.2769820988178253,1.25e-05,0.8625739216804504,0.31237325072288513
302,0.8802147507667542,0.27621230483055115,1.25e-05,0.861163854598999,0.3120403289794922
303,0.8796995282173157,0.2757378816604614,1.25e-05,0.8612722754478455,0.312784343957901
304,0.8812248110771179,0.2759020924568176,1.25e-05,0.8601334095001221,0.3184226155281067
305,0.8808791041374207,0.2763965427875519,1.25e-05,0.8578013777732849,0.3157762289047241
306,0.8802486658096313,0.2757459282875061,1.25e-05,0.8613807559013367,0.31067797541618347
307,0.8797944784164429,0.27677324414253235,1.25e-05,0.8620858192443848,0.3101173937320709
308,0.8801673054695129,0.2764992415904999,1.25e-05,0.8619773387908936,0.3111138343811035
309,0.8802554607391357,0.2770078480243683,1.25e-05,0.862356960773468,0.3115096390247345
310,0.8798622488975525,0.2758452296257019,1.25e-05,0.8615977168083191,0.31064873933792114
311,0.8808994293212891,0.27652695775032043,1.25e-05,0.8591572046279907,0.3149092197418213
312,0.8794419765472412,0.2770257592201233,1.25e-05,0.864580512046814,0.30930212140083313
313,0.8810892701148987,0.27592894434928894,1.25e-05,0.8628993034362793,0.30897262692451477
314,0.8807231783866882,0.2751535177230835,1.25e-05,0.8627908229827881,0.31202027201652527
315,0.8816925883293152,0.2753174901008606,1.25e-05,0.8623027205467224,0.3102632164955139
316,0.8816248178482056,0.2742168605327606,1.25e-05,0.8630077838897705,0.30890724062919617
317,0.8809401392936707,0.2754848003387451,1.25e-05,0.8613807559013367,0.3129913806915283
318,0.8811841607093811,0.2764061689376831,1.25e-05,0.8601876497268677,0.3111515939235687
319,0.880526602268219,0.2763407826423645,1.25e-05,0.8615977168083191,0.31031450629234314
320,0.8803232312202454,0.2752496302127838,1.25e-05,0.8627365827560425,0.3107070326805115
321,0.8804723620414734,0.275630921125412,1.25e-05,0.8620315790176392,0.3106168508529663
322,0.8800384998321533,0.27585676312446594,1.25e-05,0.8591572046279907,0.3183748126029968
323,0.8805672526359558,0.2763740122318268,1.25e-05,0.8623027205467224,0.31509530544281006
324,0.8805943727493286,0.2756240963935852,1.25e-05,0.8591029644012451,0.3140488564968109
325,0.8805062770843506,0.2757354974746704,1.25e-05,0.861923098564148,0.30954086780548096
326,0.8804317116737366,0.2755269408226013,1.25e-05,0.8613807559013367,0.3102264702320099
327,0.8811435103416443,0.2745756208896637,1.25e-05,0.8615977168083191,0.30930402874946594
328,0.8805605173110962,0.27573147416114807,1.25e-05,0.8628450632095337,0.31182861328125
329,0.8809536695480347,0.2755556106567383,1.25e-05,0.8639296889305115,0.3086908161640167
330,0.8803638815879822,0.27625948190689087,1.25e-05,0.8616519570350647,0.31460127234458923
331,0.8809536695480347,0.275505006313324,1.25e-05,0.860892653465271,0.3106396496295929
332,0.880662202835083,0.27562984824180603,1.25e-05,0.8630619645118713,0.31289857625961304
333,0.880465567111969,0.2744644284248352,1.25e-05,0.8628450632095337,0.3082001209259033
334,0.8805062770843506,0.27601590752601624,1.25e-05,0.8611096143722534,0.31075286865234375
335,0.8813672065734863,0.2744978666305542,1.25e-05,0.8630077838897705,0.30844923853874207
336,0.8803367614746094,0.27594345808029175,1.25e-05,0.8610553741455078,0.31602051854133606
337,0.8804113268852234,0.275549054145813,1.25e-05,0.8621399998664856,0.30974772572517395
338,0.8801130652427673,0.27585369348526,1.25e-05,0.860892653465271,0.311707466840744
339,0.8805672526359558,0.27507105469703674,1.25e-05,0.8621942400932312,0.30935463309288025
340,0.8809739947319031,0.274725079536438,1.25e-05,0.8605130314826965,0.3110639750957489
341,0.8804791569709778,0.2755090594291687,1.25e-05,0.8612180948257446,0.31054791808128357
342,0.8814214468002319,0.2744786739349365,1.25e-05,0.8626823425292969,0.31057921051979065
343,0.8810282349586487,0.27412891387939453,1.25e-05,0.8633331656455994,0.30969634652137756
344,0.8799028992652893,0.2758553922176361,1.25e-05,0.8632246851921082,0.3087548017501831
345,0.8810960054397583,0.2752828896045685,1.25e-05,0.8622484803199768,0.30804309248924255
346,0.8811028003692627,0.2747783958911896,1.25e-05,0.8617603778839111,0.3094460368156433
347,0.8807028532028198,0.2746608257293701,1.25e-05,0.8619773387908936,0.3099972605705261
348,0.8812790513038635,0.27461493015289307,1.25e-05,0.8614349961280823,0.310955286026001
349,0.8805605173110962,0.27455052733421326,1.25e-05,0.8634958267211914,0.3091532289981842
350,0.8801537752151489,0.2765619158744812,1.25e-05,0.8645262718200684,0.30862778425216675
351,0.8806960582733154,0.2757377028465271,1.25e-05,0.8626281023025513,0.3091810941696167
352,0.8814078569412231,0.27369967103004456,1.25e-05,0.8615434765815735,0.30924922227859497
353,0.8807638883590698,0.2747620940208435,1.25e-05,0.8621399998664856,0.310953825712204
354,0.8803842067718506,0.2751386761665344,1.25e-05,0.8637127876281738,0.3084842562675476
355,0.8810147047042847,0.2734447419643402,1.25e-05,0.8632246851921082,0.3084428906440735
356,0.8812112808227539,0.2744385600090027,1.25e-05,0.8621399998664856,0.3119255602359772
357,0.8806418180465698,0.2743169069290161,1.25e-05,0.8615434765815735,0.307386577129364
358,0.881868839263916,0.27396655082702637,1.25e-05,0.8637127876281738,0.30800265073776245
359,0.8813807368278503,0.27437058091163635,1.25e-05,0.8616519570350647,0.315282940864563
360,0.8819501996040344,0.27421218156814575,1.25e-05,0.8634416460990906,0.3092406094074249
361,0.8799504041671753,0.2753712832927704,1.25e-05,0.8610553741455078,0.31098470091819763
362,0.8814688920974731,0.27441495656967163,1.25e-05,0.8626281023025513,0.3089279234409332
363,0.8816383481025696,0.27484387159347534,1.25e-05,0.8642551302909851,0.31096935272216797
364,0.8813536167144775,0.2751012146472931,1.25e-05,0.8618688583374023,0.3099972605705261
365,0.8806825280189514,0.2744390666484833,1.25e-05,0.8618146181106567,0.3092937469482422
366,0.8809943199157715,0.2750626504421234,1.25e-05,0.8609468936920166,0.3140697479248047
367,0.8806418180465698,0.27514025568962097,1.25e-05,0.8614349961280823,0.30868226289749146
368,0.8812519311904907,0.27447405457496643,1.25e-05,0.8636043071746826,0.30925846099853516
369,0.8809807896614075,0.2745708227157593,1.25e-05,0.8618688583374023,0.30952584743499756
370,0.8814553022384644,0.2740095555782318,1.25e-05,0.8640924096107483,0.3084564208984375
371,0.8810689449310303,0.27404341101646423,1.25e-05,0.8637127876281738,0.30669766664505005
372,0.8815637826919556,0.27454864978790283,1.25e-05,0.8627908229827881,0.3079057037830353
373,0.8811231255531311,0.273586630821228,1.25e-05,0.8626281023025513,0.3081590533256531
374,0.8810892701148987,0.27383366227149963,1.25e-05,0.8626823425292969,0.3089841902256012
375,0.8825128674507141,0.274537056684494,1.25e-05,0.8619773387908936,0.3090555965900421
376,0.8818349242210388,0.27457720041275024,1.25e-05,0.8619773387908936,0.3083495795726776
377,0.8809333443641663,0.2747971713542938,1.25e-05,0.8632246851921082,0.31051501631736755
378,0.8807842135429382,0.2732682228088379,1.25e-05,0.8590487837791443,0.31164732575416565
379,0.88157057762146,0.27424487471580505,1.25e-05,0.8632789254188538,0.3099338114261627
380,0.8816519379615784,0.27340126037597656,1.25e-05,0.8628450632095337,0.3097652494907379
381,0.8809875845909119,0.2734767198562622,1.25e-05,0.860729992389679,0.31023091077804565
382,0.8819569945335388,0.273058146238327,1.25e-05,0.8623027205467224,0.3102343678474426
383,0.881868839263916,0.27412351965904236,1.25e-05,0.8621942400932312,0.31245437264442444
384,0.880241870880127,0.2752303183078766,1.25e-05,0.8634416460990906,0.3093383014202118
385,0.8801401853561401,0.2744290828704834,1.25e-05,0.860729992389679,0.30892160534858704
386,0.88200443983078,0.27358919382095337,1.25e-05,0.8630077838897705,0.308824360370636
387,0.8802012205123901,0.2740798592567444,1.25e-05,0.8626823425292969,0.30847543478012085
388,0.881929874420166,0.2734423875808716,1.25e-05,0.8638755083084106,0.30636999011039734
389,0.8816654682159424,0.2747412621974945,1.25e-05,0.8648516535758972,0.31099361181259155
390,0.8821128606796265,0.2724608778953552,1.25e-05,0.8610011339187622,0.3082239627838135
391,0.8813400864601135,0.27330029010772705,1.25e-05,0.862356960773468,0.3087419867515564
392,0.8814824223518372,0.2733636796474457,1.25e-05,0.863387405872345,0.30730777978897095
393,0.8812248110771179,0.273926317691803,1.25e-05,0.8643635511398315,0.30710265040397644
394,0.8813468813896179,0.27428603172302246,1.25e-05,0.8627908229827881,0.30812475085258484
395,0.8822620511054993,0.2727431356906891,1.25e-05,0.8627908229827881,0.3082816004753113
396,0.8816315531730652,0.27369236946105957,1.25e-05,0.8578556180000305,0.31660234928131104
397,0.8804045915603638,0.27473801374435425,1.25e-05,0.8628450632095337,0.30766719579696655
398,0.8822823762893677,0.27292340993881226,1.25e-05,0.8626281023025513,0.3105829656124115
399,0.8826958537101746,0.27369585633277893,1.25e-05,0.8619773387908936,0.3135739266872406
400,0.8816857933998108,0.27265822887420654,1.25e-05,0.862356960773468,0.3068576753139496
401,0.8811163902282715,0.2743329405784607,1.25e-05,0.8632789254188538,0.30653828382492065
402,0.8809875845909119,0.27309146523475647,1.25e-05,0.8630077838897705,0.30864349007606506
403,0.8817129135131836,0.273952454328537,1.25e-05,0.8621399998664856,0.309863418340683
404,0.8808587789535522,0.2740798890590668,1.25e-05,0.8628450632095337,0.3079739511013031
405,0.8830890655517578,0.2728114724159241,1.25e-05,0.855849027633667,0.3190983831882477
406,0.8812384009361267,0.2740781009197235,1.25e-05,0.8630619645118713,0.30964726209640503
407,0.8806486129760742,0.27365827560424805,1.25e-05,0.8634958267211914,0.3121435344219208
408,0.8824789524078369,0.27257198095321655,1.25e-05,0.8609468936920166,0.3119708001613617
409,0.88188236951828,0.2719265818595886,1.25e-05,0.863387405872345,0.3064820468425751
410,0.8818891644477844,0.2726690471172333,1.25e-05,0.8631162047386169,0.30602121353149414
411,0.8815569877624512,0.27355003356933594,1.25e-05,0.8631704449653625,0.31236785650253296
412,0.8814417719841003,0.2740364074707031,1.25e-05,0.8620858192443848,0.3082597851753235
413,0.8821399807929993,0.27200445532798767,1.25e-05,0.8623027205467224,0.3094078302383423
414,0.882079005241394,0.27354931831359863,1.25e-05,0.8636585474014282,0.3085310161113739
415,0.8816993832588196,0.2735348641872406,1.25e-05,0.8630077838897705,0.31235209107398987
416,0.8825331926345825,0.2719539701938629,1.25e-05,0.862356960773468,0.3072878420352936
417,0.8816654682159424,0.2735214829444885,1.25e-05,0.8636585474014282,0.30676913261413574
418,0.8819569945335388,0.27229782938957214,1.25e-05,0.8638755083084106,0.3087226450443268
419,0.8818756341934204,0.27270179986953735,1.25e-05,0.865014374256134,0.3081730902194977
420,0.88200443983078,0.2730086147785187,1.25e-05,0.8634416460990906,0.3075372874736786
421,0.8812858462333679,0.27347418665885925,1.25e-05,0.8640924096107483,0.3060469627380371
422,0.8821196556091309,0.27228373289108276,1.25e-05,0.8626823425292969,0.30974817276000977
423,0.8815773129463196,0.27265653014183044,1.25e-05,0.8620315790176392,0.3076325058937073
424,0.8824789524078369,0.2717857360839844,1.25e-05,0.8632789254188538,0.30594152212142944
425,0.8827500939369202,0.2722369134426117,1.25e-05,0.8640924096107483,0.30577147006988525
426,0.8815976977348328,0.2733287811279297,1.25e-05,0.8601876497268677,0.31018298864364624
427,0.8819501996040344,0.27293726801872253,1.25e-05,0.8620858192443848,0.30735838413238525
428,0.8819976449012756,0.2729376256465912,1.25e-05,0.8612722754478455,0.30976882576942444
429,0.8821874260902405,0.2724207639694214,1.25e-05,0.8631162047386169,0.3056686520576477
430,0.881807804107666,0.27268868684768677,1.25e-05,0.8631704449653625,0.3085329234600067
431,0.8816993832588196,0.2735510766506195,1.25e-05,0.8631704449653625,0.30669349431991577
432,0.8824924826622009,0.27203041315078735,1.25e-05,0.8631704449653625,0.30583280324935913
433,0.8830551505088806,0.2720871865749359,1.25e-05,0.8642551302909851,0.30421897768974304
434,0.8819705247879028,0.27333104610443115,1.25e-05,0.8625739216804504,0.30725419521331787
435,0.8821399807929993,0.2721972167491913,1.25e-05,0.8634416460990906,0.3055824339389801
436,0.8828653693199158,0.2720814049243927,1.25e-05,0.8652855157852173,0.307370662689209
437,0.8815502524375916,0.27192384004592896,1.25e-05,0.8636585474014282,0.3054986894130707
438,0.8822484612464905,0.2728278338909149,1.25e-05,0.8649058938026428,0.3060215711593628
439,0.8821806907653809,0.2721373736858368,1.25e-05,0.8622484803199768,0.30695682764053345
440,0.8814078569412231,0.2724630832672119,1.25e-05,0.8633331656455994,0.30724242329597473
441,0.8823027014732361,0.27163049578666687,1.25e-05,0.863821268081665,0.3076976239681244
442,0.8814688920974731,0.2727755904197693,1.25e-05,0.863550066947937,0.30943480134010315
443,0.8815637826919556,0.2726425528526306,1.25e-05,0.8626281023025513,0.3068591058254242
444,0.882702648639679,0.2718648612499237,1.25e-05,0.8629535436630249,0.30709174275398254
445,0.8822891116142273,0.2722122371196747,1.25e-05,0.8627908229827881,0.30675771832466125
446,0.88194340467453,0.27104026079177856,1.25e-05,0.8654482364654541,0.3052111864089966
447,0.8825874328613281,0.27201107144355774,1.25e-05,0.8618146181106567,0.3155638575553894
448,0.8820993304252625,0.2725140154361725,1.25e-05,0.8636585474014282,0.30573710799217224
449,0.8824789524078369,0.27168509364128113,1.25e-05,0.8644720315933228,0.30867800116539
450,0.8834212422370911,0.270908385515213,1.25e-05,0.8633331656455994,0.30753445625305176
451,0.8826009631156921,0.2722223699092865,1.25e-05,0.863387405872345,0.30692994594573975
452,0.8811367154121399,0.2730422914028168,1.25e-05,0.8624112010002136,0.3071361482143402
453,0.8826958537101746,0.27155783772468567,1.25e-05,0.8639839291572571,0.3054749369621277
454,0.882987380027771,0.27212849259376526,1.25e-05,0.8627365827560425,0.3068264126777649
455,0.8826823234558105,0.2714054584503174,1.25e-05,0.8642551302909851,0.3080700635910034
456,0.8818417191505432,0.27241483330726624,1.25e-05,0.8629535436630249,0.3071292042732239
457,0.8819162845611572,0.27305299043655396,1.25e-05,0.8626823425292969,0.3056885302066803
458,0.8822891116142273,0.2711445689201355,1.25e-05,0.8627365827560425,0.3071404695510864
459,0.8824992775917053,0.2710930407047272,1.25e-05,0.8616519570350647,0.3094518482685089
460,0.8827433586120605,0.27144554257392883,1.25e-05,0.8636585474014282,0.3053019940853119
461,0.8821671009063721,0.27120429277420044,1.25e-05,0.865773618221283,0.3049468398094177
462,0.8823230266571045,0.271989107131958,1.25e-05,0.8625196814537048,0.3113481402397156
463,0.8812722563743591,0.2728066146373749,1.25e-05,0.865014374256134,0.30630582571029663
464,0.8818417191505432,0.27205440402030945,1.25e-05,0.8630619645118713,0.3072148263454437
465,0.883211076259613,0.27092814445495605,1.25e-05,0.8617603778839111,0.30667874217033386
466,0.882017970085144,0.27214330434799194,1.25e-05,0.8621942400932312,0.30507969856262207
467,0.8824043869972229,0.27158400416374207,1.25e-05,0.8637670278549194,0.3085955083370209
468,0.8824721574783325,0.2711416184902191,1.25e-05,0.8630619645118713,0.3070940375328064
469,0.882079005241394,0.27179279923439026,1.25e-05,0.8628450632095337,0.31129446625709534
470,0.8826891183853149,0.2709532678127289,1.25e-05,0.8636043071746826,0.3079640865325928
471,0.8835297226905823,0.2712780833244324,1.25e-05,0.8615434765815735,0.3087995946407318
472,0.8829467296600342,0.27126365900039673,1.25e-05,0.8645262718200684,0.3055502772331238
473,0.8825738430023193,0.2716905176639557,1.25e-05,0.8629535436630249,0.307483434677124
474,0.8824924826622009,0.27163979411125183,1.25e-05,0.8624654412269592,0.3053063154220581
475,0.8833602070808411,0.27123212814331055,1.25e-05,0.8633331656455994,0.30597397685050964
476,0.8822620511054993,0.27041563391685486,1.25e-05,0.8647432327270508,0.3045025169849396
477,0.8830077052116394,0.2717041075229645,1.25e-05,0.8615434765815735,0.30814504623413086
478,0.8830212950706482,0.2710610628128052,1.25e-05,0.8634958267211914,0.3059115707874298
479,0.8823704719543457,0.2710739076137543,1.25e-05,0.8634416460990906,0.30535486340522766
480,0.8820382952690125,0.27080830931663513,1.25e-05,0.8655024766921997,0.3078126311302185
481,0.8828246593475342,0.27124154567718506,1.25e-05,0.8647974133491516,0.3055514693260193
482,0.8829737901687622,0.27134647965431213,1.25e-05,0.8628993034362793,0.30839720368385315
483,0.8824518322944641,0.27145716547966003,1.25e-05,0.8623027205467224,0.307045578956604
