epoch,accuracy,loss,lr,val_accuracy,val_loss
0,0.5583620071411133,0.8164122700691223,0.0005,0.6358899474143982,0.6445038914680481
1,0.6349907517433167,0.6389589309692383,0.0005,0.6450089812278748,0.6323313117027283
2,0.6493191719055176,0.6286617517471313,0.0005,0.6612929701805115,0.6231863498687744
3,0.6544481515884399,0.6239362955093384,0.0005,0.6660153269767761,0.6202631592750549
4,0.6624468564987183,0.6189544796943665,0.0005,0.6635727286338806,0.6197075247764587
5,0.6674129366874695,0.6145437955856323,0.0005,0.6736688017845154,0.6123108267784119
6,0.6690818667411804,0.6104495525360107,0.0005,0.666829526424408,0.6139366030693054
7,0.6736002564430237,0.6081629395484924,0.0005,0.6705748438835144,0.6157008409500122
8,0.6749027967453003,0.6067903637886047,0.0005,0.6710633635520935,0.610382080078125
9,0.6784238815307617,0.6030241250991821,0.0005,0.6736688017845154,0.6096504926681519
10,0.6790955066680908,0.6012195944786072,0.0005,0.6806709170341492,0.6072512865066528
11,0.687012791633606,0.5942702889442444,0.0005,0.6897899508476257,0.5977286100387573
12,0.6950114965438843,0.5856321454048157,0.0005,0.700537383556366,0.5866765975952148
13,0.701829731464386,0.5781471133232117,0.0005,0.6860446333885193,0.5934577584266663
14,0.7031323313713074,0.5754513740539551,0.0005,0.6725289225578308,0.600283682346344
15,0.7038243412971497,0.573588490486145,0.0005,0.7070509791374207,0.5842244029045105
16,0.706653356552124,0.570696234703064,0.0005,0.695652186870575,0.5880702137947083
17,0.7076099514961243,0.5700682401657104,0.0005,0.7083536982536316,0.5769092440605164
18,0.7086479663848877,0.5678069591522217,0.0005,0.7003745436668396,0.5801234841346741
19,0.7101133465766907,0.5662813782691956,0.0005,0.7036313414573669,0.5799726843833923
20,0.7101133465766907,0.5659798979759216,0.0005,0.7225207686424255,0.5760529637336731
21,0.7159546613693237,0.5585536360740662,0.00025,0.7239863276481628,0.564020037651062
22,0.7170130014419556,0.5559974908828735,0.00025,0.7062367796897888,0.5782428979873657
23,0.7166262865066528,0.555418848991394,0.00025,0.7171470522880554,0.569218635559082
24,0.7176643013954163,0.5542932152748108,0.00025,0.7291972041130066,0.5590226054191589
25,0.7179695963859558,0.5531069040298462,0.00025,0.7212180495262146,0.56410151720047
26,0.719190776348114,0.5505879521369934,0.00025,0.7174727320671082,0.5570876598358154
27,0.7177457213401794,0.551150381565094,0.00025,0.7107962965965271,0.5661530494689941
28,0.7196792364120483,0.5508729815483093,0.00025,0.7272431254386902,0.5537720322608948
29,0.7193536162376404,0.5495710968971252,0.00025,0.7308256030082703,0.5573068261146545
30,0.7187430262565613,0.5489708185195923,0.00025,0.728057324886322,0.5571202039718628
31,0.7206968665122986,0.5489769577980042,0.00025,0.71828693151474,0.5630859136581421
32,0.7211446762084961,0.5486065745353699,0.00025,0.7275688052177429,0.5541229844093323
33,0.7230578064918518,0.5472317337989807,0.00025,0.7243120074272156,0.5633909106254578
34,0.722813606262207,0.5466480255126953,0.00025,0.7288715243339539,0.5530550479888916
35,0.7224879264831543,0.5468087196350098,0.00025,0.7248005270957947,0.5568628311157227
36,0.7222640514373779,0.5455477833747864,0.00025,0.7205666899681091,0.5581293702125549
37,0.7226100564002991,0.545726478099823,0.00025,0.7244748473167419,0.554520845413208
38,0.7229763865470886,0.5457032918930054,0.00025,0.7272431254386902,0.5515735149383545
39,0.7246249914169312,0.5447711944580078,0.00025,0.7230092883110046,0.5547367334365845
40,0.7222030162811279,0.5449258089065552,0.00025,0.726266086101532,0.5536785125732422
41,0.725622296333313,0.5431668162345886,0.00025,0.729360044002533,0.556653618812561
42,0.7247267365455627,0.5436699986457825,0.00025,0.7138902544975281,0.5621343851089478
43,0.7241772413253784,0.543455958366394,0.00025,0.7197524905204773,0.5556247234344482
44,0.7261717915534973,0.541623055934906,0.00025,0.7332682013511658,0.5522536635398865
45,0.7261107563972473,0.5428897738456726,0.00025,0.7239863276481628,0.5598849654197693
46,0.7248488664627075,0.5437847971916199,0.00025,0.7347337603569031,0.550117552280426
47,0.7273116111755371,0.542472243309021,0.00025,0.731151282787323,0.5534519553184509
48,0.7271690964698792,0.5422754883766174,0.00025,0.7248005270957947,0.5522991418838501
49,0.7266806364059448,0.5415388941764832,0.00025,0.7241491675376892,0.5538171529769897
50,0.7252559661865234,0.541664719581604,0.00025,0.7161700129508972,0.5595037341117859
51,0.7255001664161682,0.54058438539505,0.00025,0.7308256030082703,0.5494478940963745
52,0.729102611541748,0.5393432378768921,0.00025,0.7288715243339539,0.5521538853645325
53,0.7263550162315369,0.5395365357398987,0.00025,0.7283830046653748,0.5498961806297302
54,0.729041576385498,0.5389097929000854,0.00025,0.7285458445549011,0.5521729588508606
55,0.7276169061660767,0.5384828448295593,0.00025,0.7158443331718445,0.5566123127937317
56,0.7280442714691162,0.5389097929000854,0.00025,0.7254518866539001,0.5480021238327026
57,0.7272098064422607,0.538987398147583,0.00025,0.7332682013511658,0.5475086569786072
58,0.729041576385498,0.5384270548820496,0.00025,0.7204038500785828,0.5565438866615295
59,0.7278203964233398,0.539393961429596,0.00025,0.726266086101532,0.5463089942932129
60,0.7298557162284851,0.5383391380310059,0.00025,0.7267546057701111,0.5501008033752441
61,0.7287159562110901,0.5387238264083862,0.00025,0.7189382910728455,0.5578800439834595
62,0.728430986404419,0.5382405519485474,0.00025,0.7191011309623718,0.5575284361839294
63,0.7312396764755249,0.535369873046875,0.00025,0.7264289259910583,0.5566748380661011
64,0.7313618063926697,0.5367953181266785,0.00025,0.7246376872062683,0.5502872467041016
65,0.7289194464683533,0.5370532274246216,0.00025,0.7300114035606384,0.5471991896629333
66,0.7286345362663269,0.5362268090248108,0.00025,0.7309884428977966,0.5447375774383545
67,0.7288177013397217,0.5361630320549011,0.00025,0.7225207686424255,0.5529587864875793
68,0.7302424311637878,0.5365467071533203,0.00025,0.7295228838920593,0.549379825592041
69,0.7304866313934326,0.5370883345603943,0.00025,0.7256147265434265,0.5504953861236572
70,0.7320334315299988,0.5359010696411133,0.00025,0.7248005270957947,0.5486676096916199
71,0.7306901812553406,0.5354399681091309,0.00025,0.7326168417930603,0.5476486086845398
72,0.7307716012001038,0.5358482003211975,0.00025,0.7241491675376892,0.5511093735694885
73,0.7301610112190247,0.5351769328117371,0.00025,0.7295228838920593,0.5470685958862305
74,0.7310768961906433,0.5348690152168274,0.00025,0.7238234877586365,0.5543001294136047
75,0.7323794364929199,0.5351306200027466,0.00025,0.7155186533927917,0.5576516389846802
76,0.7299167513847351,0.5340479016304016,0.00025,0.7272431254386902,0.5500476360321045
77,0.7305477261543274,0.533463716506958,0.00025,0.7204038500785828,0.5635147094726562
78,0.7308936715126038,0.5343296527862549,0.00025,0.7334310412406921,0.5436410903930664
79,0.7312600612640381,0.533653736114502,0.00025,0.7220322489738464,0.5576494932174683
80,0.7323184013366699,0.5331081748008728,0.00025,0.7212180495262146,0.5518195033073425
81,0.7362668514251709,0.5279295444488525,0.000125,0.7278944849967957,0.5505567193031311
82,0.7371624112129211,0.5262137651443481,0.000125,0.7306627631187439,0.545746922492981
83,0.7347200512886047,0.5276421308517456,0.000125,0.7275688052177429,0.5437961220741272
84,0.7375694513320923,0.5265455842018127,0.000125,0.7287086844444275,0.5480929017066956
85,0.7362872362136841,0.5261585116386414,0.000125,0.7272431254386902,0.5436780452728271
86,0.7362261414527893,0.5252289772033691,0.000125,0.7234978079795837,0.5499677062034607
87,0.7369588613510132,0.5251138806343079,0.000125,0.7272431254386902,0.5443408489227295
88,0.7381393313407898,0.5247523784637451,0.000125,0.7207295298576355,0.550415575504303
89,0.7366739511489868,0.5254955887794495,0.000125,0.7324540019035339,0.5444730520248413
90,0.7400525212287903,0.5240969657897949,0.000125,0.7308256030082703,0.5424681305885315
91,0.7377730011940002,0.5252760648727417,0.000125,0.7327796816825867,0.5446658134460449
92,0.7351270914077759,0.5248531699180603,0.000125,0.7257775664329529,0.5510786771774292
93,0.735737681388855,0.5250909924507141,0.000125,0.7308256030082703,0.5433005094528198
94,0.7382003664970398,0.5233402252197266,0.000125,0.7205666899681091,0.5522616505622864
95,0.7365111112594604,0.5255982279777527,0.000125,0.7290343642234802,0.5434317588806152
96,0.7373455762863159,0.5245484709739685,0.000125,0.7287086844444275,0.5467491149902344
97,0.7374066114425659,0.5255434513092041,0.000125,0.726266086101532,0.5442033410072327
98,0.7386888861656189,0.5236560106277466,0.000125,0.7233349680900574,0.5487335324287415
99,0.7404595613479614,0.5225998759269714,0.000125,0.7277316451072693,0.5459720492362976
100,0.7389534711837769,0.5227547287940979,0.000125,0.7344080805778503,0.5447967052459717
101,0.7386277914047241,0.5225946307182312,0.000125,0.7244748473167419,0.5473617911338806
102,0.7384650111198425,0.5232868790626526,0.000125,0.7318026423454285,0.5432002544403076
103,0.7403171062469482,0.5224065184593201,0.000125,0.7261032462120056,0.5453600883483887
104,0.7392383813858032,0.5226467251777649,0.000125,0.7270802855491638,0.5476505756378174
105,0.7402763962745667,0.5220800638198853,0.000125,0.7215437293052673,0.546617329120636
106,0.7382410764694214,0.5225032567977905,0.000125,0.7269174456596375,0.5473275184631348
107,0.7359005212783813,0.5228399038314819,0.000125,0.7246376872062683,0.5500755310058594
108,0.7402560114860535,0.5217680931091309,0.000125,0.7254518866539001,0.5469306707382202
109,0.7383224964141846,0.5222445726394653,0.000125,0.7275688052177429,0.5469228625297546
110,0.7393198013305664,0.5219588279724121,0.000125,0.7290343642234802,0.5445295572280884
111,0.7410701513290405,0.5211186408996582,0.000125,0.7298485636711121,0.5418833494186401
112,0.7395843863487244,0.5215498208999634,0.000125,0.7278944849967957,0.5461599230766296
113,0.7389127612113953,0.5219274163246155,0.000125,0.7234978079795837,0.5492902994155884
114,0.7411515712738037,0.5191802978515625,0.000125,0.7233349680900574,0.5462121963500977
115,0.7395436763763428,0.5219250321388245,0.000125,0.7275688052177429,0.547386884689331
116,0.7403374314308167,0.5219188928604126,0.000125,0.7259404063224792,0.5428519248962402
117,0.741904616355896,0.5212977528572083,0.000125,0.7269174456596375,0.5436826348304749
118,0.7420470714569092,0.5192680954933167,0.000125,0.72007817029953,0.5498680472373962
119,0.7399914264678955,0.5198537707328796,0.000125,0.7304999232292175,0.544952392578125
120,0.7413958311080933,0.5188113451004028,0.000125,0.7254518866539001,0.5457533597946167
121,0.7414568662643433,0.5198701620101929,0.000125,0.7296857237815857,0.5430980324745178
122,0.7407445311546326,0.5191841125488281,0.000125,0.7274059653282166,0.5467001795768738
123,0.7398693561553955,0.5200445652008057,0.000125,0.7314769625663757,0.5444508194923401
124,0.7413347363471985,0.5192462801933289,0.000125,0.7275688052177429,0.5457628965377808
125,0.7407852411270142,0.5193804502487183,0.000125,0.7335938811302185,0.5432911515235901
126,0.7409276962280273,0.5189059376716614,0.000125,0.7274059653282166,0.5436713099479675
127,0.7412533164024353,0.5195008516311646,0.000125,0.7274059653282166,0.5457954406738281
128,0.7410294413566589,0.5181389451026917,0.000125,0.7195896506309509,0.5500162839889526
129,0.7413551211357117,0.5186373591423035,0.000125,0.7301742434501648,0.5452829599380493
130,0.7420674562454224,0.5187410116195679,0.000125,0.7306627631187439,0.5429002642631531
131,0.7427187561988831,0.5185258984565735,0.000125,0.7288715243339539,0.5431957840919495
132,0.7409887313842773,0.5191999077796936,0.000125,0.7244748473167419,0.5450903177261353
133,0.7413347363471985,0.5190086960792542,0.000125,0.7267546057701111,0.5447484850883484
134,0.7423320412635803,0.5180814266204834,0.000125,0.7265917658805847,0.5468981862068176
135,0.7411311864852905,0.5172668099403381,0.000125,0.7282201647758484,0.544865608215332
136,0.7446929812431335,0.5155660510063171,0.000125,0.7291972041130066,0.5457514524459839
137,0.7411718964576721,0.5184871554374695,0.000125,0.7314769625663757,0.5422551035881042
138,0.7437770962715149,0.5169273614883423,0.000125,0.729360044002533,0.5433763265609741
139,0.7438381314277649,0.5156862139701843,0.000125,0.7272431254386902,0.5448525547981262
140,0.7431868314743042,0.5162729620933533,0.000125,0.7314769625663757,0.5445138812065125
141,0.7422099113464355,0.5167458653450012,0.000125,0.7259404063224792,0.5451082587242126
