epoch,accuracy,loss,val_accuracy,val_loss
0,0.3656664490699768,1.6026079654693604,0.38793325424194336,1.4076181650161743
1,0.39275699853897095,1.3159786462783813,0.39774712920188904,1.2509543895721436
2,0.40220287442207336,1.2209033966064453,0.4072221517562866,1.1967449188232422
3,0.4085659682750702,1.1860712766647339,0.41130223870277405,1.1743993759155273
4,0.41657888889312744,1.1676356792449951,0.42438289523124695,1.1602354049682617
5,0.42436718940734863,1.1553465127944946,0.4301438331604004,1.146842360496521
6,0.43287193775177,1.1449233293533325,0.4424383044242859,1.1368809938430786
7,0.4379027783870697,1.1370081901550293,0.442844957113266,1.132666826248169
8,0.4434022307395935,1.129733681678772,0.43030649423599243,1.1353440284729004
9,0.44709691405296326,1.1244529485702515,0.44866007566452026,1.119467854499817
10,0.4507141411304474,1.1192588806152344,0.44704702496528625,1.1214052438735962
11,0.45292168855667114,1.1150732040405273,0.44860586524009705,1.115842342376709
12,0.45413386821746826,1.1111315488815308,0.4485380947589874,1.1116480827331543
13,0.45765042304992676,1.1071738004684448,0.4610494375228882,1.103514313697815
14,0.4590988755226135,1.1043128967285156,0.46320468187332153,1.1001079082489014
15,0.45956748723983765,1.102699875831604,0.45181840658187866,1.1083984375
16,0.4601445198059082,1.1003143787384033,0.4599921405315399,1.098819613456726
17,0.45998573303222656,1.0992367267608643,0.45294347405433655,1.1010280847549438
18,0.4628593921661377,1.0968128442764282,0.4635029137134552,1.0938987731933594
19,0.4643775522708893,1.0946109294891357,0.463462233543396,1.091637134552002
20,0.4645518362522125,1.0918889045715332,0.4465048313140869,1.1055216789245605
21,0.46622490882873535,1.0897265672683716,0.46613258123397827,1.08766508102417
22,0.46658506989479065,1.0880249738693237,0.4646008610725403,1.0875849723815918
23,0.4678514897823334,1.0863639116287231,0.4559798240661621,1.0932873487472534
24,0.46850213408470154,1.085119366645813,0.46404510736465454,1.0896339416503906
25,0.4695594310760498,1.08363676071167,0.4703617990016937,1.0808095932006836
26,0.47093427181243896,1.0817654132843018,0.46523794531822205,1.083516240119934
27,0.47210776805877686,1.0798630714416504,0.47038888931274414,1.0792704820632935
28,0.47197994589805603,1.0786038637161255,0.4702397882938385,1.0788453817367554
29,0.47280487418174744,1.0772762298583984,0.47564828395843506,1.075524091720581
30,0.47317278385162354,1.0759185552597046,0.4746994078159332,1.0742772817611694
31,0.4738660156726837,1.0761280059814453,0.477098673582077,1.0732051134109497
32,0.4754151701927185,1.073150634765625,0.47795262932777405,1.0718802213668823
33,0.475887656211853,1.072299599647522,0.4746723175048828,1.0718611478805542
34,0.47668546438217163,1.0710428953170776,0.4699415862560272,1.0750997066497803
35,0.47629043459892273,1.0708976984024048,0.4737505614757538,1.0699630975723267
36,0.476608008146286,1.0697821378707886,0.45658981800079346,1.0873223543167114
37,0.47646471858024597,1.069490671157837,0.47475364804267883,1.0700275897979736
38,0.47833529114723206,1.067570686340332,0.4769902229309082,1.068911075592041
39,0.4785173237323761,1.0671050548553467,0.4788879454135895,1.0661629438400269
40,0.4797217845916748,1.0651806592941284,0.47952502965927124,1.0637553930282593
41,0.47905176877975464,1.0646334886550903,0.47796618938446045,1.0632487535476685
42,0.47988831996917725,1.0633318424224854,0.4774510860443115,1.0658162832260132
43,0.4799928665161133,1.0622994899749756,0.4781152904033661,1.0626310110092163
44,0.48188668489456177,1.0618009567260742,0.4833611249923706,1.0614937543869019
45,0.48138323426246643,1.0613458156585693,0.4794165790081024,1.0617132186889648
46,0.4815575182437897,1.0599937438964844,0.4774782061576843,1.0632342100143433
47,0.4824598729610443,1.0590614080429077,0.48032477498054504,1.0598177909851074
48,0.4828123152256012,1.05841064453125,0.47868460416793823,1.05923593044281
49,0.48217329382896423,1.0576545000076294,0.48638391494750977,1.0568935871124268
50,0.482882022857666,1.0565847158432007,0.46878939867019653,1.0692541599273682
51,0.4836333394050598,1.0560256242752075,0.48146340250968933,1.0564749240875244
52,0.4842568635940552,1.05533766746521,0.47868460416793823,1.0582940578460693
53,0.4840361177921295,1.0543662309646606,0.4805958867073059,1.059039831161499
54,0.4856549799442291,1.053985834121704,0.48268336057662964,1.0554380416870117
55,0.4855930209159851,1.0531349182128906,0.47247639298439026,1.0636664628982544
56,0.48536452651023865,1.0527539253234863,0.47994524240493774,1.0585018396377563
57,0.4867199957370758,1.0513898134231567,0.487359881401062,1.0512696504592896
58,0.4855930209159851,1.0514671802520752,0.4782237410545349,1.0552446842193604
59,0.4862668812274933,1.0510108470916748,0.48759031295776367,1.0515917539596558
60,0.4863869547843933,1.0500401258468628,0.4828731417655945,1.0539112091064453
61,0.48695623874664307,1.0491445064544678,0.4773562252521515,1.0569700002670288
62,0.487471342086792,1.0484870672225952,0.48719722032546997,1.048940658569336
63,0.4886719286441803,1.0477837324142456,0.48195138573646545,1.0559266805648804
64,0.48811036348342896,1.0472412109375,0.48384910821914673,1.0522147417068481
65,0.4881800711154938,1.0470330715179443,0.48982688784599304,1.0468063354492188
66,0.4886099696159363,1.046470284461975,0.48590949177742004,1.0481208562850952
67,0.4891134202480316,1.045710563659668,0.4865736663341522,1.047642707824707
68,0.4893806576728821,1.0454826354980469,0.48241227865219116,1.051466464996338
69,0.48885396122932434,1.0445518493652344,0.48672279715538025,1.0469729900360107
70,0.4889856278896332,1.0451723337173462,0.48432353138923645,1.04942786693573
71,0.4902404248714447,1.0437461137771606,0.48790207505226135,1.045465111732483
72,0.4910963177680969,1.0430361032485962,0.48913559317588806,1.0468858480453491
73,0.4906470775604248,1.0425403118133545,0.49028778076171875,1.0449113845825195
74,0.4902791678905487,1.0416733026504517,0.48788851499557495,1.0443212985992432
75,0.4909414052963257,1.0413742065429688,0.4903962016105652,1.0429121255874634
76,0.4917314648628235,1.041075348854065,0.48679056763648987,1.0444475412368774
77,0.49159204959869385,1.0402121543884277,0.4901793301105499,1.043472409248352
78,0.49270355701446533,1.0401369333267212,0.48599082231521606,1.0456876754760742
79,0.492242693901062,1.0393197536468506,0.4822089374065399,1.048459768295288
80,0.4911350607872009,1.039359211921692,0.48992177844047546,1.0418978929519653
81,0.49277326464653015,1.0386571884155273,0.4845268726348877,1.0478827953338623
82,0.49322250485420227,1.0380003452301025,0.4884985089302063,1.0431644916534424
83,0.49360981583595276,1.0370819568634033,0.4929445683956146,1.0403934717178345
84,0.49435338377952576,1.0364001989364624,0.49110108613967896,1.0410600900650024
85,0.4937027394771576,1.0365983247756958,0.49230748414993286,1.0389536619186401
86,0.49467870593070984,1.0356264114379883,0.4932292401790619,1.0395159721374512
87,0.4945005476474762,1.0352957248687744,0.48466241359710693,1.04476797580719
88,0.4957011342048645,1.0345131158828735,0.49108752608299255,1.0397504568099976
89,0.49534872174263,1.0342251062393188,0.4821818172931671,1.0464528799057007
90,0.49593737721443176,1.0335848331451416,0.49232104420661926,1.0386197566986084
91,0.49594900012016296,1.0331324338912964,0.4932156801223755,1.0383905172348022
92,0.4961000382900238,1.0328967571258545,0.49066731333732605,1.0401843786239624
93,0.49746716022491455,1.0321502685546875,0.4928090274333954,1.037559151649475
94,0.4961968660354614,1.032099723815918,0.48943379521369934,1.0419031381607056
95,0.49782344698905945,1.0310832262039185,0.4889458119869232,1.039149284362793
96,0.4975910782814026,1.030881404876709,0.4932156801223755,1.0375134944915771
97,0.4980054795742035,1.0302029848098755,0.4925107955932617,1.0378667116165161
98,0.4991053640842438,1.0297257900238037,0.4917246103286743,1.037310242652893
99,0.497571736574173,1.029657244682312,0.49500495195388794,1.0354291200637817
100,0.4983308017253876,1.0287151336669922,0.4905453324317932,1.038620948791504
101,0.49984508752822876,1.0285481214523315,0.48551636934280396,1.044638991355896
102,0.49864062666893005,1.0277832746505737,0.48479795455932617,1.0430917739868164
103,0.4996282160282135,1.0270131826400757,0.49062666296958923,1.0372037887573242
104,0.5001394152641296,1.0268915891647339,0.4964553415775299,1.033240556716919
105,0.5007010102272034,1.0263806581497192,0.48753610253334045,1.0400844812393188
106,0.5001897811889648,1.0261235237121582,0.4928496778011322,1.0354191064834595
107,0.5007358193397522,1.0252012014389038,0.4850148558616638,1.0414862632751465
108,0.500886857509613,1.0252211093902588,0.4912501871585846,1.036121129989624
109,0.5008714199066162,1.024410605430603,0.4909113049507141,1.037835717201233
110,0.4994965195655823,1.0265209674835205,0.48187005519866943,1.0452775955200195
111,0.5007861852645874,1.0250678062438965,0.4920770525932312,1.0363411903381348
112,0.5032106041908264,1.0230616331100464,0.49538448452949524,1.032044529914856
113,0.5034739375114441,1.022037148475647,0.49458473920822144,1.0323387384414673
114,0.5033926367759705,1.0224500894546509,0.4925379157066345,1.0329536199569702
115,0.5034584403038025,1.021521806716919,0.495248943567276,1.031278371810913
116,0.5044925212860107,1.0206384658813477,0.486438125371933,1.0406228303909302
117,0.5044421553611755,1.019980788230896,0.4953167140483856,1.032624363899231
118,0.5042213797569275,1.020011067390442,0.49537092447280884,1.031154990196228
119,0.5047364830970764,1.019094467163086,0.4908841848373413,1.0357428789138794
120,0.5037721395492554,1.019775390625,0.4969162046909332,1.0303586721420288
121,0.5062391757965088,1.0176403522491455,0.4908164143562317,1.035752773284912
122,0.5066845417022705,1.0170763731002808,0.49686199426651,1.0310566425323486
123,0.5070176124572754,1.0166208744049072,0.49698400497436523,1.0301930904388428
124,0.5072925686836243,1.0161919593811035,0.4932698905467987,1.0337821245193481
125,0.5080826282501221,1.0152480602264404,0.49509984254837036,1.032143235206604
126,0.5075017213821411,1.0149611234664917,0.4956827163696289,1.029688835144043
127,0.5082336664199829,1.0148173570632935,0.4953438341617584,1.0307250022888184
128,0.5092328786849976,1.0143307447433472,0.4979192912578583,1.029694676399231
129,0.5081058740615845,1.013877272605896,0.49671289324760437,1.0323086977005005
130,0.5095272064208984,1.012689471244812,0.49695688486099243,1.0289180278778076
131,0.5099377036094666,1.0119684934616089,0.4964824616909027,1.0299431085586548
132,0.5105689764022827,1.0112406015396118,0.4978921711444855,1.0278602838516235
133,0.5110840797424316,1.0109783411026,0.49589958786964417,1.0306535959243774
134,0.510983407497406,1.0101979970932007,0.4953438341617584,1.0307410955429077
135,0.5087875127792358,1.0130915641784668,0.4964960217475891,1.0305935144424438
136,0.5132412910461426,1.0091102123260498,0.4980819523334503,1.0281157493591309
137,0.5128229856491089,1.0086007118225098,0.4976752996444702,1.0294119119644165
138,0.5124396085739136,1.0077235698699951,0.49823105335235596,1.0278034210205078
139,0.5134193897247314,1.0069620609283447,0.4952760636806488,1.032110571861267
140,0.5122304558753967,1.0084866285324097,0.496021568775177,1.0288041830062866
141,0.5145502686500549,1.0061324834823608,0.49976277351379395,1.0263668298721313
142,0.5145308971405029,1.0056153535842896,0.5001558661460876,1.0278126001358032
143,0.51555335521698,1.004481554031372,0.4984886050224304,1.026393175125122
144,0.5166958570480347,1.0032609701156616,0.49814972281455994,1.028390884399414
145,0.5159793496131897,1.002901554107666,0.4989359378814697,1.025939702987671
146,0.5184308886528015,1.0021620988845825,0.4985292851924896,1.0263948440551758
147,0.5176640748977661,1.0016170740127563,0.49816328287124634,1.027327060699463
148,0.5187678337097168,1.001781702041626,0.49709242582321167,1.0274039506912231
149,0.5177337527275085,1.0008020401000977,0.5002914071083069,1.0262399911880493
150,0.5195733904838562,0.9992000460624695,0.4956149160861969,1.0308924913406372
151,0.5190389156341553,1.0002837181091309,0.49585890769958496,1.028327465057373
152,0.5186864733695984,0.9994645118713379,0.49820396304130554,1.0268646478652954
153,0.5210527777671814,0.9973375797271729,0.4968891143798828,1.0264304876327515
154,0.520390510559082,0.997166097164154,0.5003321170806885,1.025962233543396
155,0.5210527777671814,0.9963656067848206,0.4908841848373413,1.0347141027450562
156,0.5200574994087219,0.9976516366004944,0.5015791654586792,1.0235679149627686
157,0.5229930877685547,0.9949998259544373,0.4987190365791321,1.0260505676269531
158,0.5228420495986938,0.994459867477417,0.4983666241168976,1.0263310670852661
159,0.5236476063728333,0.9933632016181946,0.5028262138366699,1.0225824117660522
160,0.5244337916374207,0.9918510317802429,0.4968484342098236,1.0300747156143188
161,0.5257622003555298,0.9918214082717896,0.5026906728744507,1.0230908393859863
162,0.5254871845245361,0.9914181232452393,0.498393714427948,1.0275778770446777
163,0.5256924629211426,0.9902713894844055,0.5002778768539429,1.0269792079925537
164,0.5266451835632324,0.9891594052314758,0.49936968088150024,1.0264759063720703
165,0.5269472599029541,0.9890991449356079,0.49945101141929626,1.0260400772094727
166,0.5281285047531128,0.9873154759407043,0.5028804540634155,1.0265655517578125
167,0.5280122756958008,0.9874260425567627,0.5034090876579285,1.0214366912841797
168,0.5285467505455017,0.9871174693107605,0.5024738311767578,1.0241103172302246
169,0.5281091332435608,0.9869397282600403,0.4975668489933014,1.0323209762573242
170,0.529646635055542,0.9847530126571655,0.5030837655067444,1.0222347974777222
171,0.5301501154899597,0.9841683506965637,0.4983395040035248,1.0269889831542969
172,0.5305335521697998,0.9833194017410278,0.49631980061531067,1.0321372747421265
173,0.5318619012832642,0.982326328754425,0.5022704601287842,1.0236963033676147
174,0.5318231582641602,0.9819710850715637,0.5001016855239868,1.0256876945495605
175,0.5335233807563782,0.9806609153747559,0.5019993782043457,1.0243343114852905
176,0.5347006916999817,0.9794093370437622,0.5036802291870117,1.0214765071868896
177,0.5331166982650757,0.9796285033226013,0.49827173352241516,1.028153419494629
178,0.5342979431152344,0.9779959917068481,0.5027042627334595,1.0221902132034302
179,0.5344296097755432,0.97817462682724,0.5042631030082703,1.0216814279556274
180,0.5337905883789062,0.9810500144958496,0.49298524856567383,1.033793330192566
181,0.5372722744941711,0.9755802154541016,0.5020400285720825,1.024031639099121
182,0.5360949039459229,0.9752331972122192,0.5043850541114807,1.0199726819992065
183,0.536784291267395,0.975193440914154,0.5044528245925903,1.0204267501831055
184,0.5378570556640625,0.9734365344047546,0.5009014010429382,1.0241687297821045
185,0.539065420627594,0.9719110131263733,0.5032057762145996,1.0226367712020874
186,0.5391389727592468,0.971485435962677,0.5053881406784058,1.0213466882705688
187,0.5409049987792969,0.969891369342804,0.505686342716217,1.0200906991958618
188,0.5398593544960022,0.9700939059257507,0.503829300403595,1.0211504697799683
189,0.5403705835342407,0.9697113633155823,0.4996272325515747,1.0291399955749512
190,0.5406222939491272,0.9701030850410461,0.5068520903587341,1.0197762250900269
191,0.542136549949646,0.9672195911407471,0.5021349191665649,1.023544192314148
192,0.5431628823280334,0.9657199382781982,0.501768946647644,1.0284041166305542
193,0.5428840517997742,0.9651925563812256,0.5031108856201172,1.0248613357543945
194,0.5443556904792786,0.9635438919067383,0.5059981346130371,1.0200122594833374
195,0.5453277826309204,0.9628174304962158,0.5046968460083008,1.0209726095199585
196,0.5451534986495972,0.9621917009353638,0.5022298097610474,1.0257489681243896
197,0.5465903282165527,0.9609941840171814,0.505686342716217,1.0203639268875122
198,0.5463657379150391,0.9601089954376221,0.5063098669052124,1.0203369855880737
199,0.5476166605949402,0.959180474281311,0.5044664144515991,1.022037148475647
200,0.5476205348968506,0.9578331708908081,0.5069741010665894,1.01793372631073
201,0.5493090748786926,0.9572679400444031,0.5030566453933716,1.0219286680221558
202,0.5469350218772888,0.96014004945755,0.5033684372901917,1.0215027332305908
203,0.5500603914260864,0.9557607173919678,0.5065674185752869,1.0210201740264893
204,0.5502230525016785,0.9541487097740173,0.5061743259429932,1.0218772888183594
205,0.5512377619743347,0.9533482789993286,0.5031108856201172,1.0246678590774536
206,0.5520975589752197,0.9521556496620178,0.5064725279808044,1.018362283706665
207,0.5522602200508118,0.9531911611557007,0.5028398036956787,1.024138331413269
208,0.5522447228431702,0.9520257115364075,0.5067571997642517,1.017383337020874
209,0.5539061427116394,0.9495261311531067,0.5052661299705505,1.0194127559661865
210,0.5552074313163757,0.9482945799827576,0.5050492882728577,1.0212328433990479
211,0.5548937320709229,0.9484138488769531,0.5072316527366638,1.0176115036010742
212,0.5557341575622559,0.9464117288589478,0.5098477602005005,1.0140838623046875
213,0.5558658242225647,0.946404218673706,0.5081940293312073,1.020200252532959
214,0.5577790141105652,0.9441246390342712,0.5081804990768433,1.0187785625457764
215,0.557852566242218,0.9436599612236023,0.5073400735855103,1.0215495824813843
216,0.5595837235450745,0.9418394565582275,0.5064318776130676,1.0200371742248535
217,0.5604745149612427,0.9406717419624329,0.5094546675682068,1.0182664394378662
218,0.5600988268852234,0.9400373101234436,0.5095089077949524,1.014302134513855
219,0.5613381266593933,0.9396161437034607,0.5108508467674255,1.0182558298110962
220,0.5590764284133911,0.9418215155601501,0.5078416466712952,1.0182148218154907
221,0.5613652467727661,0.9381498694419861,0.5074485540390015,1.0187727212905884
222,0.560153067111969,0.9394089579582214,0.5089260339736938,1.0144808292388916
223,0.5632164478302002,0.9345247149467468,0.5107695460319519,1.016392707824707
224,0.5641188621520996,0.9340914487838745,0.5061201453208923,1.0186128616333008
225,0.5647346377372742,0.9331416487693787,0.5095089077949524,1.0207817554473877
226,0.5656369924545288,0.9316833019256592,0.508573591709137,1.0218290090560913
227,0.5659274458885193,0.930711567401886,0.5107288360595703,1.014511227607727
228,0.5653891563415527,0.9312314987182617,0.5110135078430176,1.015101671218872
229,0.5675114393234253,0.9285294413566589,0.5105255246162415,1.0158436298370361
230,0.5664386749267578,0.9287123084068298,0.5118674635887146,1.016883373260498
231,0.5689173340797424,0.9262262582778931,0.5125994682312012,1.0163127183914185
232,0.5699009895324707,0.9249531030654907,0.5130196809768677,1.0178215503692627
233,0.5621746778488159,0.9360796809196472,0.49591314792633057,1.0418709516525269
234,0.5643318295478821,0.9331650733947754,0.5129519104957581,1.0161747932434082
235,0.5701760053634644,0.9236385226249695,0.512626588344574,1.0167298316955566
236,0.5723990201950073,0.9204184412956238,0.5118539333343506,1.0159119367599487
237,0.5734291672706604,0.9197688102722168,0.5120843648910522,1.0196431875228882
