epoch,accuracy,loss,lr,val_accuracy,val_loss
0,0.5578938722610474,0.8122718334197998,0.0005,0.6129294633865356,0.6592440009117126
1,0.6363950967788696,0.6393334865570068,0.0005,0.6586875319480896,0.6305283904075623
2,0.6509270668029785,0.626780092716217,0.0005,0.6464745402336121,0.6327393651008606
3,0.6583762168884277,0.6224179863929749,0.0005,0.6616186499595642,0.6230276823043823
4,0.6616530418395996,0.6178320050239563,0.0005,0.6591760516166687,0.6270878314971924
5,0.6659475564956665,0.6150754690170288,0.0005,0.6611301302909851,0.6205974221229553
6,0.6688783764839172,0.6123654246330261,0.0005,0.6622700095176697,0.6192764043807983
7,0.6692854166030884,0.6106322407722473,0.0005,0.6647126078605652,0.6193398833274841
8,0.6733967065811157,0.6086681485176086,0.0005,0.6699234843254089,0.614783525466919
9,0.6760425567626953,0.6063411831855774,0.0005,0.6712262034416199,0.6139307618141174
10,0.6782000064849854,0.6049028635025024,0.0005,0.671714723110199,0.6122063994407654
11,0.6773248314857483,0.604827344417572,0.0005,0.6731802821159363,0.6130061149597168
12,0.6820263266563416,0.6015647053718567,0.0005,0.6764370799064636,0.6102838516235352
13,0.6812325716018677,0.5997625589370728,0.0005,0.6743201613426208,0.6110723614692688
14,0.6836545467376709,0.5977957248687744,0.0005,0.6754600405693054,0.6080091595649719
15,0.6867685914039612,0.5946227312088013,0.0005,0.6692721247673035,0.6135756969451904
16,0.6910426616668701,0.5902197360992432,0.0005,0.6839277148246765,0.6024139523506165
17,0.6954185366630554,0.583410382270813,0.0005,0.6941866278648376,0.5925604701042175
18,0.6989396214485168,0.579228401184082,0.0005,0.696140706539154,0.5841254591941833
19,0.7039871215820312,0.575792670249939,0.0005,0.7065624594688416,0.5847704410552979
20,0.7038446664810181,0.5730974078178406,0.0005,0.6946751475334167,0.5898473858833313
21,0.7122504115104675,0.564062774181366,0.00025,0.7109591364860535,0.5805424451828003
22,0.71161949634552,0.562579870223999,0.00025,0.7047712206840515,0.5735558867454529
23,0.7096859812736511,0.5620198845863342,0.00025,0.7037941813468933,0.5764880776405334
24,0.7126574516296387,0.5602635145187378,0.00025,0.7088422179222107,0.5712658166885376
25,0.7131662964820862,0.5590944886207581,0.00025,0.708516538143158,0.572866678237915
26,0.7150387763977051,0.5585451126098633,0.00025,0.7078651785850525,0.572823166847229
27,0.7142450213432312,0.557964026927948,0.00025,0.7114476561546326,0.5675608515739441
28,0.7154254913330078,0.5564433932304382,0.00025,0.7179612517356873,0.5641352534294128
29,0.7167280912399292,0.5570913553237915,0.00025,0.710307776927948,0.5734266042709351
30,0.7142857313156128,0.5562198758125305,0.00025,0.7177984118461609,0.5657224655151367
31,0.7170740365982056,0.5544818043708801,0.00025,0.7143787741661072,0.569475531578064
32,0.7174404263496399,0.5543335676193237,0.00025,0.7106334567070007,0.5703927874565125
33,0.7187226414680481,0.554349422454834,0.00025,0.7148672938346863,0.5661834478378296
34,0.7163617014884949,0.555235743522644,0.00025,0.7236606478691101,0.5628857016563416
35,0.7174404263496399,0.5527742505073547,0.00025,0.715192973613739,0.5675182342529297
36,0.7178067564964294,0.5521979928016663,0.00025,0.7163328528404236,0.5674940347671509
37,0.7173997163772583,0.5516993403434753,0.00025,0.7186126112937927,0.5633948445320129
38,0.7208800315856934,0.5518211722373962,0.00025,0.7212180495262146,0.5623061656951904
39,0.7215517163276672,0.5498912334442139,0.00025,0.7239863276481628,0.5585269331932068
40,0.718376636505127,0.5507903695106506,0.00025,0.713401734828949,0.5648983716964722
41,0.7200048565864563,0.5499444603919983,0.00025,0.7218694090843201,0.5597274899482727
42,0.720920741558075,0.5497000217437744,0.00025,0.7161700129508972,0.5621848702430725
43,0.7217755913734436,0.5478761196136475,0.00025,0.7199153304100037,0.5589772462844849
44,0.7219587564468384,0.5479778051376343,0.00025,0.7225207686424255,0.556104838848114
45,0.7241365313529968,0.5461453795433044,0.00025,0.7174727320671082,0.5597376227378845
46,0.7234241962432861,0.5462409853935242,0.00025,0.7246376872062683,0.5575151443481445
47,0.7210835814476013,0.5462204217910767,0.00025,0.7107962965965271,0.5634089112281799
48,0.7255001664161682,0.5449204444885254,0.00025,0.7192639708518982,0.5603195428848267
49,0.7245232462882996,0.5446163415908813,0.00025,0.7158443331718445,0.5599742531776428
50,0.7233020663261414,0.5448750853538513,0.00025,0.7156814932823181,0.5625436902046204
51,0.727087676525116,0.5427495837211609,0.00025,0.7228464484214783,0.5534970760345459
52,0.7250931262969971,0.5428134202957153,0.00025,0.7220322489738464,0.5550657510757446
53,0.725825846195221,0.5425689816474915,0.00025,0.7184497714042664,0.5605443120002747
54,0.7251745462417603,0.5402707457542419,0.00025,0.7230092883110046,0.5556129813194275
55,0.7270673513412476,0.5417351722717285,0.00025,0.7208923697471619,0.554989218711853
56,0.7281256914138794,0.5413033366203308,0.00025,0.7147044539451599,0.5630319118499756
57,0.7252559661865234,0.5425801277160645,0.00025,0.7254518866539001,0.5513692498207092
58,0.7275151014328003,0.5402949452400208,0.00025,0.7230092883110046,0.5552830100059509
59,0.7272098064422607,0.5407450795173645,0.00025,0.7239863276481628,0.5557485222816467
60,0.7260293364524841,0.5409358143806458,0.00025,0.7288715243339539,0.5551950335502625
61,0.7288584113121033,0.5403289794921875,0.00025,0.7163328528404236,0.5598169565200806
62,0.7292247414588928,0.5380619764328003,0.00025,0.723172128200531,0.5567130446434021
63,0.7270063161849976,0.5386538505554199,0.00025,0.7243120074272156,0.5556710362434387
64,0.7294893264770508,0.5377933382987976,0.00025,0.7234978079795837,0.5591674447059631
65,0.7276982665061951,0.538445770740509,0.00025,0.7148672938346863,0.5604288578033447
66,0.7294690012931824,0.5377048254013062,0.00025,0.7091678977012634,0.5690566301345825
67,0.732114851474762,0.5364279747009277,0.00025,0.7161700129508972,0.5597463846206665
68,0.7296521663665771,0.5369772911071777,0.00025,0.7210552096366882,0.5541911721229553
69,0.731789231300354,0.5364372730255127,0.00025,0.7202410101890564,0.5555720329284668
70,0.7319316864013672,0.5360937714576721,0.00025,0.7204038500785828,0.5571329593658447
71,0.7301406264305115,0.5353029370307922,0.00025,0.7243120074272156,0.5607131123542786
72,0.7297946214675903,0.5364097952842712,0.00025,0.7189382910728455,0.5593326687812805
73,0.7323591113090515,0.5344389081001282,0.00025,0.7099820971488953,0.5639556050300598
74,0.7305070161819458,0.5338621139526367,0.00025,0.7163328528404236,0.561591625213623
75,0.7337227463722229,0.5336139798164368,0.00025,0.7218694090843201,0.5556237101554871
76,0.7313007712364197,0.5346359610557556,0.00025,0.7181240916252136,0.5614709258079529
77,0.7328068614006042,0.5345282554626465,0.00025,0.7230092883110046,0.5575621724128723
78,0.7345775961875916,0.532340407371521,0.00025,0.7221950888633728,0.5559249520301819
79,0.730445921421051,0.533189594745636,0.00025,0.7138902544975281,0.558746874332428
80,0.7319113612174988,0.5333362817764282,0.00025,0.7204038500785828,0.5558062791824341
81,0.7346386313438416,0.5288416147232056,0.000125,0.7210552096366882,0.5558807253837585
82,0.7362261414527893,0.5281191468238831,0.000125,0.7199153304100037,0.5570043325424194
83,0.7354323863983154,0.5275680422782898,0.000125,0.71649569272995,0.5593093037605286
84,0.73687744140625,0.5267142057418823,0.000125,0.7230092883110046,0.5524798631668091
85,0.7363686561584473,0.5274267196655273,0.000125,0.7230092883110046,0.552702784538269
86,0.7380986213684082,0.5259522199630737,0.000125,0.7204038500785828,0.5569761395454407
87,0.7359412312507629,0.5272813439369202,0.000125,0.7148672938346863,0.5633588433265686
