epoch,accuracy,loss,lr,val_accuracy,val_loss
0,0.6945108771324158,0.7260288596153259,0.0004,0.7262967228889465,0.5828319191932678
1,0.7289140224456787,0.5727919340133667,0.0004,0.7402777075767517,0.5551928281784058
2,0.7347532510757446,0.5585464835166931,0.0004,0.7429260015487671,0.5458391904830933
3,0.7388806939125061,0.5515183806419373,0.0004,0.7457413077354431,0.5426681637763977
4,0.7413440346717834,0.5464270710945129,0.0004,0.752039909362793,0.5359592437744141
5,0.744129478931427,0.5408490300178528,0.0004,0.7533997893333435,0.5294413566589355
6,0.7446781992912292,0.5373075604438782,0.0004,0.7466956377029419,0.5347402095794678
7,0.7472429275512695,0.5343606472015381,0.0004,0.7549506425857544,0.5253856182098389
8,0.748441755771637,0.5313339233398438,0.0004,0.7529464960098267,0.5267305970191956
9,0.7502788305282593,0.5277006030082703,0.0004,0.7539962530136108,0.52205890417099
10,0.7512689232826233,0.5251783132553101,0.0004,0.7564775347709656,0.5180046558380127
11,0.7519190907478333,0.5238698720932007,0.0004,0.7533043622970581,0.5220561623573303
12,0.7532968521118164,0.5221146941184998,0.0004,0.7553561925888062,0.519243061542511
13,0.7535951137542725,0.5193235874176025,0.0004,0.7588395476341248,0.5149317383766174
14,0.7543168067932129,0.5185456871986389,0.0004,0.7589111328125,0.511252224445343
15,0.7555752992630005,0.5170265436172485,0.0004,0.7625136971473694,0.506574809551239
16,0.7565415501594543,0.5147282481193542,0.0004,0.7610583305358887,0.5071682333946228
17,0.7561777234077454,0.5139891505241394,0.0004,0.7566207051277161,0.5147690176963806
18,0.7560644149780273,0.514183759689331,0.0004,0.760628879070282,0.5072740912437439
19,0.7579193711280823,0.5115891695022583,0.0004,0.761440098285675,0.5050705075263977
20,0.7572751641273499,0.5111153721809387,0.0004,0.7610344886779785,0.505663275718689
21,0.7586231827735901,0.5101021528244019,0.0004,0.7633965015411377,0.5017536878585815
22,0.7591957449913025,0.508094072341919,0.0004,0.7623705863952637,0.5040821433067322
23,0.758712649345398,0.5082893371582031,0.0004,0.7612253427505493,0.5055251121520996
24,0.759189784526825,0.508075475692749,0.0004,0.7629431486129761,0.5025022625923157
25,0.7599711418151855,0.5066044330596924,0.0004,0.7665935158729553,0.4952232539653778
26,0.7603409290313721,0.5054964423179626,0.0004,0.7657822966575623,0.49626463651657104
27,0.7601142525672913,0.5053737759590149,0.0004,0.763229489326477,0.5009230971336365
28,0.7608717679977417,0.5043666362762451,0.0004,0.7644939422607422,0.49960359930992126
29,0.761420488357544,0.5040882229804993,0.0004,0.7623705863952637,0.502709686756134
30,0.7613668441772461,0.5024492144584656,0.0004,0.765448272228241,0.49969562888145447
31,0.7609433531761169,0.5028579831123352,0.0004,0.7638259530067444,0.4977092146873474
32,0.7618797421455383,0.5015921592712402,0.0004,0.7642315030097961,0.4985419809818268
33,0.7637585997581482,0.5007060170173645,0.0004,0.7672854065895081,0.49262768030166626
34,0.7632814049720764,0.5009934902191162,0.0004,0.7654244303703308,0.4939849078655243
35,0.761832058429718,0.500684916973114,0.0004,0.7667127847671509,0.4962828457355499
36,0.7633410692214966,0.49937161803245544,0.0004,0.7705778479576111,0.49024611711502075
37,0.763335108757019,0.49973368644714355,0.0004,0.7663310766220093,0.49416062235832214
38,0.7642834782600403,0.49815672636032104,0.0004,0.7703392505645752,0.48945242166519165
39,0.7641343474388123,0.4984225332736969,0.0004,0.77155601978302,0.48865756392478943
40,0.7639911770820618,0.4975143074989319,0.0004,0.7680965662002563,0.4909054934978485
41,0.7650827169418335,0.4968540072441101,0.0004,0.767500102519989,0.4919182062149048
42,0.7641522288322449,0.4969515800476074,0.0004,0.7648041248321533,0.49625107645988464
43,0.7658222913742065,0.49505090713500977,0.0004,0.7713890075683594,0.48847538232803345
44,0.7663471698760986,0.4947168231010437,0.0004,0.7719616293907166,0.48571446537971497
45,0.7653272151947021,0.4949242174625397,0.0004,0.7702915668487549,0.48912692070007324
46,0.7653868794441223,0.49484047293663025,0.0004,0.7730113863945007,0.4840713143348694
47,0.7663710117340088,0.4938141405582428,0.0004,0.7695042490959167,0.48942962288856506
48,0.7654047608375549,0.4953630268573761,0.0004,0.7716991901397705,0.4868749976158142
49,0.766907811164856,0.49373528361320496,0.0004,0.7711027264595032,0.4845315217971802
50,0.7664187550544739,0.4927544593811035,0.0004,0.7745621800422668,0.48215252161026
51,0.7670032382011414,0.4925522804260254,0.0004,0.7709834575653076,0.48879188299179077
52,0.7664485573768616,0.49289828538894653,0.0004,0.7723910808563232,0.48440805077552795
53,0.7681365013122559,0.4914829432964325,0.0004,0.7734169960021973,0.4834257960319519
54,0.7665738463401794,0.4922536611557007,0.0004,0.7682874202728271,0.48654019832611084
55,0.7679396867752075,0.4900207221508026,0.0004,0.7699813842773438,0.4854108691215515
56,0.7684526443481445,0.4900605082511902,0.0004,0.7739418745040894,0.48542383313179016
57,0.7688880562782288,0.4901098906993866,0.0004,0.7709357142448425,0.4840869605541229
58,0.7690013647079468,0.4898723065853119,0.0004,0.7704346776008606,0.4833725690841675
59,0.7690669894218445,0.4886590540409088,0.0004,0.7755880951881409,0.47937071323394775
60,0.7696694135665894,0.4881872832775116,0.0004,0.7760891318321228,0.48067861795425415
61,0.7695918679237366,0.4873107075691223,0.0004,0.7759221196174622,0.4789835214614868
62,0.7697529196739197,0.4869675040245056,0.0004,0.7771627902984619,0.4765244722366333
63,0.7699676156044006,0.4870752692222595,0.0004,0.7760652899742126,0.47746407985687256
64,0.7699378132820129,0.4867192208766937,0.0004,0.7837715148925781,0.46967950463294983
65,0.7696574330329895,0.4874652028083801,0.0004,0.7756119966506958,0.48019424080848694
66,0.7706296443939209,0.48580512404441833,0.0004,0.7738226056098938,0.4795549511909485
67,0.7709040641784668,0.48543643951416016,0.0004,0.7744190692901611,0.48093780875205994
68,0.7711963057518005,0.48572713136672974,0.0004,0.7734408378601074,0.4807286858558655
69,0.772180438041687,0.484017550945282,0.0004,0.778427243232727,0.47250810265541077
70,0.7708801627159119,0.48514777421951294,0.0004,0.7742281556129456,0.4813615679740906
71,0.7711843848228455,0.4841936528682709,0.0004,0.7790952920913696,0.47408217191696167
72,0.7718702554702759,0.48288872838020325,0.0004,0.7815765738487244,0.4698379337787628
73,0.7714706659317017,0.4839023947715759,0.0004,0.7789521217346191,0.4747086763381958
74,0.7723653316497803,0.4826950132846832,0.0004,0.7721286416053772,0.47865501046180725
75,0.7716436386108398,0.48324668407440186,0.0004,0.779691755771637,0.47257569432258606
76,0.7730691432952881,0.4821639955043793,0.0004,0.7747053503990173,0.477818101644516
77,0.7734687924385071,0.48150309920310974,0.0004,0.782721757888794,0.4696817398071289
78,0.7734270095825195,0.4814152121543884,0.0004,0.7770912051200867,0.4721253216266632
79,0.7742680311203003,0.48078417778015137,0.0004,0.7778785228729248,0.4718480110168457
80,0.7729021310806274,0.4809900224208832,0.0004,0.7757789492607117,0.4740752577781677
81,0.7734568119049072,0.47960636019706726,0.0004,0.7734647393226624,0.47791776061058044
82,0.7747213244438171,0.4788980185985565,0.0004,0.780717670917511,0.4682825803756714
83,0.7739459276199341,0.47969016432762146,0.0004,0.7777115106582642,0.46889930963516235
84,0.7746974229812622,0.4788939952850342,0.0004,0.7822446227073669,0.46722474694252014
85,0.7746855020523071,0.47912997007369995,0.0004,0.7795724868774414,0.4703807532787323
86,0.7751924991607666,0.47817179560661316,0.0004,0.7788090109825134,0.47209590673446655
87,0.774160623550415,0.4786868691444397,0.0004,0.7818151712417603,0.4667526185512543
88,0.7763436436653137,0.4773745536804199,0.0004,0.7841532826423645,0.46462276577949524
89,0.7745662331581116,0.4776420593261719,0.0004,0.7782841324806213,0.47092902660369873
90,0.7750911116600037,0.47833386063575745,0.0004,0.7822684645652771,0.4655202627182007
91,0.7744648456573486,0.47704389691352844,0.0004,0.779954195022583,0.4669541120529175
92,0.7760752439498901,0.47594982385635376,0.0004,0.7807892560958862,0.467500776052475
93,0.775037407875061,0.47685155272483826,0.0004,0.7841055393218994,0.46424663066864014
94,0.7762004733085632,0.47543200850486755,0.0004,0.7813618183135986,0.4670809805393219
95,0.7763973474502563,0.47528648376464844,0.0004,0.779691755771637,0.4712430536746979
96,0.7769103050231934,0.4742991626262665,0.0004,0.7835806608200073,0.46378448605537415
97,0.7771428823471069,0.4746161699295044,0.0004,0.7810277938842773,0.465408056974411
98,0.7770116925239563,0.47445642948150635,0.0004,0.7833182215690613,0.4662039577960968
99,0.7768446803092957,0.47412699460983276,0.0004,0.7821968793869019,0.464796781539917
100,0.7774232029914856,0.4740619361400604,0.0004,0.7861096262931824,0.46273162961006165
101,0.77730393409729,0.4741508364677429,0.0004,0.7780693769454956,0.47374218702316284
102,0.7769520282745361,0.47337862849235535,0.0004,0.7839385271072388,0.464922696352005
103,0.7782523036003113,0.472101628780365,0.0004,0.7788805365562439,0.4695204198360443
104,0.7786757349967957,0.472680002450943,0.0004,0.7836522459983826,0.46384748816490173
105,0.7778944373130798,0.47313809394836426,0.0004,0.7822446227073669,0.46345964074134827
106,0.7776796817779541,0.4719032943248749,0.0004,0.7852746248245239,0.46251431107521057
107,0.7792364358901978,0.47155657410621643,0.0004,0.7855609059333801,0.4641948342323303
108,0.7783596515655518,0.4712304472923279,0.0004,0.7792384624481201,0.46678027510643005
109,0.7778944373130798,0.47102120518684387,0.0004,0.7831989526748657,0.4618074893951416
110,0.7790992259979248,0.469980925321579,0.0004,0.7856563329696655,0.4615477919578552
111,0.7784669995307922,0.47104665637016296,0.0004,0.7834852337837219,0.46094030141830444
112,0.7779659628868103,0.4703492820262909,0.0004,0.7826740741729736,0.46136876940727234
113,0.7792245149612427,0.47015416622161865,0.0004,0.781481146812439,0.46219319105148315
114,0.7798149585723877,0.4690031111240387,0.0004,0.7865868210792542,0.4573103189468384
115,0.7801311016082764,0.4691017270088196,0.0004,0.7849167585372925,0.45903876423835754
116,0.7805963158607483,0.4689907729625702,0.0004,0.7901894450187683,0.45386266708374023
117,0.7792961001396179,0.4696770906448364,0.0004,0.7853700518608093,0.4595160186290741
118,0.7801191806793213,0.4688135087490082,0.0004,0.7846065759658813,0.4596976637840271
119,0.7803935408592224,0.46807989478111267,0.0004,0.7898076772689819,0.4538494646549225
120,0.7786220908164978,0.46804144978523254,0.0004,0.7848212718963623,0.4605887234210968
121,0.7811271548271179,0.46706143021583557,0.0004,0.7896168231964111,0.4563206732273102
122,0.7810376882553101,0.4669765532016754,0.0004,0.7886624932289124,0.4573354423046112
123,0.7820934057235718,0.46667566895484924,0.0004,0.7906665802001953,0.45358142256736755
124,0.7812524437904358,0.46549859642982483,0.0004,0.7909290194511414,0.4519597589969635
125,0.7811510562896729,0.4660283625125885,0.0004,0.7889010906219482,0.455649733543396
126,0.7816997766494751,0.46621638536453247,0.0004,0.7874934673309326,0.4539356231689453
127,0.7821172475814819,0.4653541147708893,0.0004,0.7858471870422363,0.4584820866584778
128,0.7818309664726257,0.46600326895713806,0.0004,0.7879229187965393,0.4529552459716797
129,0.7814313769340515,0.4656178951263428,0.0004,0.7918834090232849,0.44982582330703735
130,0.7818965911865234,0.46512672305107117,0.0004,0.7894498109817505,0.45266228914260864
131,0.781753420829773,0.4650438725948334,0.0004,0.7894975543022156,0.4554891586303711
132,0.782164990901947,0.46479159593582153,0.0004,0.7909529209136963,0.45278698205947876
133,0.7829045653343201,0.4636423885822296,0.0004,0.7887340784072876,0.45321059226989746
134,0.7827733755111694,0.46356484293937683,0.0004,0.7896406650543213,0.45418310165405273
135,0.7826898694038391,0.4641106128692627,0.0004,0.7927899956703186,0.44956037402153015
136,0.7822246551513672,0.4639971852302551,0.0004,0.790833592414856,0.4498288035392761
137,0.7832744121551514,0.46296876668930054,0.0004,0.7884477972984314,0.4532811641693115
138,0.7836620807647705,0.4624481499195099,0.0004,0.7899985909461975,0.4511803686618805
139,0.7839364409446716,0.46249547600746155,0.0004,0.7896884083747864,0.45250651240348816
140,0.7833638787269592,0.4629994332790375,0.0004,0.7885909080505371,0.452737033367157
141,0.783620297908783,0.46260973811149597,0.0004,0.7910483479499817,0.45167043805122375
142,0.7839364409446716,0.4613913595676422,0.0004,0.7930285930633545,0.44734838604927063
143,0.7833101749420166,0.46175286173820496,0.0004,0.7889487743377686,0.45301496982574463
144,0.7839961051940918,0.461282879114151,0.0004,0.7902132868766785,0.4521229565143585
145,0.7839006781578064,0.46130868792533875,0.0004,0.7841293811798096,0.4593335688114166
146,0.7840378284454346,0.46082884073257446,0.0004,0.7904280424118042,0.44967663288116455
147,0.7845865488052368,0.4604301452636719,0.0004,0.7908574938774109,0.45005208253860474
148,0.7842525839805603,0.46142491698265076,0.0004,0.791382372379303,0.4504307210445404
149,0.785021960735321,0.4594559669494629,0.0004,0.7895691394805908,0.45078244805336
150,0.7839901447296143,0.46025189757347107,0.0004,0.7927184104919434,0.44627055525779724
151,0.7844792008399963,0.45981693267822266,0.0004,0.7907620072364807,0.44743919372558594
152,0.7850637435913086,0.4584760367870331,0.0004,0.7912153601646423,0.4494739770889282
153,0.785123348236084,0.45855796337127686,0.0004,0.79441237449646,0.4452255070209503
154,0.783668041229248,0.4596197307109833,0.0004,0.793648898601532,0.44601279497146606
155,0.785021960735321,0.4593029022216797,0.0004,0.7902848720550537,0.448774516582489
156,0.7858629822731018,0.45750507712364197,0.0004,0.7896406650543213,0.45105692744255066
157,0.7853261828422546,0.4587772786617279,0.0004,0.7914300560951233,0.4525909423828125
158,0.7852128148078918,0.4583849310874939,0.0004,0.7938397526741028,0.4463194012641907
159,0.7858629822731018,0.4567031264305115,0.0004,0.7946032285690308,0.4459494948387146
160,0.7860121130943298,0.4578867554664612,0.0004,0.7892112135887146,0.45333582162857056
161,0.7863699793815613,0.4562847316265106,0.0004,0.7905473113059998,0.4495016932487488
162,0.7856065034866333,0.4579266309738159,0.0004,0.7952474355697632,0.44075801968574524
163,0.7861135005950928,0.4563319981098175,0.0004,0.7934818863868713,0.44772523641586304
164,0.7862924337387085,0.4564260244369507,0.0004,0.7919549345970154,0.4453658163547516
165,0.7860060930252075,0.4561418294906616,0.0004,0.7947702407836914,0.4433326721191406
166,0.785934567451477,0.4550670385360718,0.0004,0.7952951192855835,0.4440840184688568
167,0.7859166264533997,0.4567362070083618,0.0004,0.7947224974632263,0.44228070974349976
168,0.7868292331695557,0.4555298984050751,0.0004,0.7931717038154602,0.44546449184417725
169,0.7875568866729736,0.4545748829841614,0.0004,0.7941499352455139,0.44363370537757874
170,0.7865250110626221,0.45487624406814575,0.0004,0.7927422523498535,0.44621771574020386
171,0.7880698442459106,0.4538891911506653,0.0004,0.7932432889938354,0.44660285115242004
172,0.7883083820343018,0.4538206160068512,0.0004,0.7968220710754395,0.4380592405796051
173,0.7872347831726074,0.45544788241386414,0.0004,0.7940067648887634,0.4431724548339844
174,0.7865906357765198,0.45492106676101685,0.0004,0.7992556095123291,0.4402365982532501
175,0.786626398563385,0.45490050315856934,0.0004,0.7965357899665833,0.4397831857204437
176,0.7878312468528748,0.45382368564605713,0.0004,0.7988499999046326,0.4401843845844269
177,0.7872706055641174,0.4541936218738556,0.0004,0.791096031665802,0.44423985481262207
178,0.7860121130943298,0.4552071690559387,0.0004,0.7945316433906555,0.44385263323783875
179,0.7888631224632263,0.4525050222873688,0.0004,0.7963687777519226,0.44078049063682556
180,0.7887855768203735,0.45259764790534973,0.0004,0.7997804880142212,0.4376085698604584
181,0.7880221009254456,0.45258790254592896,0.0004,0.794889509677887,0.43848302960395813
182,0.788630485534668,0.45202183723449707,0.0004,0.7959393262863159,0.4403737187385559
183,0.7876165509223938,0.45447349548339844,0.0004,0.7947702407836914,0.43981921672821045
184,0.7882368564605713,0.45321834087371826,0.0004,0.7950088381767273,0.4426209628582001
185,0.7890002727508545,0.4523121416568756,0.0004,0.7967027425765991,0.437955766916275
186,0.7881056070327759,0.4522237181663513,0.0004,0.794674813747406,0.4399554431438446
187,0.7896086573600769,0.45233187079429626,0.0004,0.7991601824760437,0.436602383852005
188,0.7898651361465454,0.4510113298892975,0.0004,0.7935296297073364,0.4450306296348572
189,0.7885529398918152,0.45159730315208435,0.0004,0.7992794513702393,0.43763405084609985
190,0.789042055606842,0.4514540433883667,0.0004,0.7913346290588379,0.44459545612335205
191,0.7888690829277039,0.45112377405166626,0.0004,0.8025003671646118,0.43437185883522034
192,0.7893283367156982,0.4513816833496094,0.0004,0.7980865836143494,0.44050610065460205
193,0.7894416451454163,0.45063334703445435,0.0004,0.8034785389900208,0.43385186791419983
194,0.7903303503990173,0.4502536952495575,0.0004,0.7996850609779358,0.43503537774086
195,0.789984405040741,0.450001984834671,0.0004,0.7975616455078125,0.43982604146003723
196,0.7906643748283386,0.44914162158966064,0.0004,0.8008302450180054,0.43464383482933044
197,0.7906762957572937,0.45008039474487305,0.0004,0.7973469495773315,0.43927815556526184
198,0.790431797504425,0.4489471912384033,0.0004,0.801283597946167,0.43487292528152466
199,0.7900798916816711,0.4496459364891052,0.0004,0.7971560955047607,0.4404797852039337
200,0.7899367213249207,0.4507061541080475,0.0004,0.7950326800346375,0.4421968460083008
201,0.7915411591529846,0.4476625919342041,0.0004,0.7972515225410461,0.4379604458808899
202,0.7918035984039307,0.44834208488464355,0.0004,0.79441237449646,0.43954575061798096
203,0.7901096940040588,0.44815918803215027,0.0004,0.7994464635848999,0.4346030652523041
204,0.7921614646911621,0.4474168121814728,0.0004,0.7969652414321899,0.43953561782836914
205,0.7911117076873779,0.44802260398864746,0.0004,0.800257682800293,0.434908002614975
206,0.7911952137947083,0.4483741521835327,0.0004,0.8003053665161133,0.43273162841796875
207,0.7914159297943115,0.44796445965766907,0.0004,0.8002338409423828,0.43304306268692017
208,0.7921257019042969,0.4466824233531952,0.0004,0.7982296943664551,0.43782028555870056
209,0.7911832928657532,0.44779977202415466,0.0004,0.7989454865455627,0.434803307056427
210,0.7920421957969666,0.44716015458106995,0.0004,0.7995896339416504,0.43715643882751465
211,0.7911117076873779,0.4475076496601105,0.0004,0.8003053665161133,0.4334556758403778
212,0.7923403978347778,0.4456786513328552,0.0004,0.7994226217269897,0.4345611333847046
213,0.7917439341545105,0.44684696197509766,0.0004,0.7999236583709717,0.43293437361717224
214,0.7912906408309937,0.44732871651649475,0.0004,0.7972992062568665,0.4365290701389313
215,0.792149543762207,0.44726231694221497,0.0004,0.8016414642333984,0.43539175391197205
216,0.7924776077270508,0.44638746976852417,0.0004,0.8025480508804321,0.4344557225704193
217,0.791785717010498,0.44566333293914795,0.0004,0.8016414642333984,0.43136364221572876
218,0.7922151684761047,0.4461989104747772,0.0004,0.8028582334518433,0.4292067885398865
219,0.7930740118026733,0.44499754905700684,0.0004,0.7995896339416504,0.43249350786209106
220,0.7919348478317261,0.4466787278652191,0.0004,0.7996612191200256,0.4347741901874542
221,0.7931694984436035,0.44491544365882874,0.0004,0.8017368912696838,0.42972370982170105
222,0.7926385998725891,0.4457457661628723,0.0004,0.8000668287277222,0.43252384662628174
223,0.7916425466537476,0.4467306435108185,0.0004,0.7978479862213135,0.4389016330242157
224,0.7926923036575317,0.445682168006897,0.0004,0.8002815246582031,0.43340250849723816
225,0.7921912670135498,0.4461737275123596,0.0004,0.8016414642333984,0.42875105142593384
226,0.7927936911582947,0.44556528329849243,0.0004,0.796201765537262,0.4383910000324249
227,0.7931933403015137,0.4440547823905945,0.0004,0.8017130494117737,0.4316398799419403
228,0.7930024862289429,0.444141685962677,0.0004,0.801546037197113,0.4335412383079529
229,0.792137622833252,0.4444969594478607,0.0004,0.80202317237854,0.432193785905838
230,0.7937182188034058,0.44356080889701843,0.0004,0.8046237826347351,0.42794090509414673
231,0.792662501335144,0.44427555799484253,0.0004,0.8049577474594116,0.42857515811920166
232,0.7949051260948181,0.4426071345806122,0.0004,0.8008064031600952,0.4274727702140808
233,0.7935690879821777,0.4435027539730072,0.0004,0.8022379279136658,0.4309527277946472
234,0.7930203676223755,0.44358569383621216,0.0004,0.8031922578811646,0.42764416337013245
235,0.7948335409164429,0.44274505972862244,0.0004,0.7990409135818481,0.4357243776321411
236,0.7945830821990967,0.4425979554653168,0.0004,0.8037171363830566,0.4280764162540436
237,0.7944101095199585,0.442270427942276,0.0004,0.8040988445281982,0.4268566071987152
238,0.7940521836280823,0.4427686333656311,0.0004,0.8041227459907532,0.4261060953140259
239,0.793789803981781,0.4432167410850525,0.0004,0.8058405518531799,0.42434629797935486
240,0.7929368615150452,0.4435916841030121,0.0004,0.8036693930625916,0.42937737703323364
241,0.7933185696601868,0.44244325160980225,0.0004,0.8036217093467712,0.4303685426712036
242,0.7918214797973633,0.4444563090801239,0.0004,0.8042897582054138,0.4277702569961548
243,0.795358419418335,0.441637247800827,0.0004,0.8045044541358948,0.4288276731967926
244,0.7947142720222473,0.44047144055366516,0.0004,0.8084411025047302,0.419991672039032
245,0.7960145473480225,0.44030022621154785,0.0004,0.8065324425697327,0.42167890071868896
246,0.7958296537399292,0.44145914912223816,0.0004,0.8034785389900208,0.4313053488731384
247,0.7946069240570068,0.4402226507663727,0.0004,0.8049816489219666,0.42582592368125916
248,0.7947083115577698,0.4411243200302124,0.0004,0.8030014038085938,0.42906954884529114
249,0.795394241809845,0.4403701424598694,0.0004,0.8067471385002136,0.42586764693260193
250,0.7955254316329956,0.4406035244464874,0.0004,0.804790735244751,0.42633056640625
251,0.7995634078979492,0.43456071615219116,0.00012,0.8061506748199463,0.4236043691635132
252,0.8007503151893616,0.4322572946548462,0.00012,0.8120914101600647,0.4153142273426056
253,0.799277126789093,0.4326431453227997,0.00012,0.8107792139053345,0.4165723919868469
254,0.799640953540802,0.4326538145542145,0.00012,0.8090614080429077,0.4178019165992737
255,0.8000823259353638,0.43168434500694275,0.00012,0.8063892722129822,0.42039284110069275
256,0.8004043698310852,0.43138930201530457,0.00012,0.8089421391487122,0.4178241491317749
257,0.8011618852615356,0.4313586354255676,0.00012,0.803550124168396,0.42712879180908203
258,0.8017941117286682,0.43102705478668213,0.00012,0.809657871723175,0.4180176854133606
259,0.8008219003677368,0.4310024380683899,0.00012,0.8130934834480286,0.4126940071582794
260,0.8004699945449829,0.4315168261528015,0.00012,0.8065562844276428,0.4230771064758301
261,0.8011380434036255,0.43106651306152344,0.00012,0.8130218982696533,0.4123955965042114
262,0.7998855113983154,0.4316191077232361,0.00012,0.810922384262085,0.4183773100376129
263,0.8008875250816345,0.4304981529712677,0.00012,0.8085365295410156,0.42133063077926636
264,0.7999510765075684,0.43142083287239075,0.00012,0.8072720170021057,0.4192456007003784
265,0.8009531497955322,0.4311729967594147,0.00012,0.808631956577301,0.41855135560035706
266,0.8005356192588806,0.430797815322876,0.00012,0.8089182376861572,0.4204835593700409
267,0.800732433795929,0.431836873292923,0.00012,0.809657871723175,0.4180939197540283
268,0.8011976480484009,0.43054479360580444,0.00012,0.8107792139053345,0.41513243317604065
269,0.8001598715782166,0.4308059811592102,0.00012,0.8108269572257996,0.4154880940914154
270,0.8013288974761963,0.4290068447589874,0.00012,0.8093715906143188,0.4151061773300171
271,0.8023547530174255,0.42987439036369324,0.00012,0.8083933591842651,0.4168432056903839
272,0.801722526550293,0.42935240268707275,0.00012,0.8096340298652649,0.41824471950531006
273,0.8015435934066772,0.43071162700653076,0.00012,0.8077730536460876,0.41919535398483276
274,0.8015734553337097,0.4299415349960327,0.00012,0.8134751915931702,0.4126568138599396
275,0.802486002445221,0.4292807877063751,0.00012,0.8088943958282471,0.4165525734424591
276,0.8013348579406738,0.4293251037597656,0.00012,0.8094908595085144,0.41662779450416565
277,0.8014839887619019,0.42965367436408997,0.00012,0.809395432472229,0.4171620309352875
278,0.802897572517395,0.42855560779571533,0.00012,0.8113756775856018,0.4143989384174347
279,0.8012632727622986,0.4298116862773895,0.00012,0.8121391534805298,0.4106100797653198
280,0.8020028471946716,0.42968061566352844,0.00012,0.8132127523422241,0.41092759370803833
281,0.801722526550293,0.4293271005153656,0.00012,0.8080354928970337,0.4215761721134186
282,0.8007085919380188,0.429955393075943,0.00012,0.8075106143951416,0.42036089301109314
283,0.8024144172668457,0.42774224281311035,0.00012,0.8087035417556763,0.4173823595046997
284,0.8005833029747009,0.42986518144607544,0.00012,0.8096817135810852,0.41325443983078003
285,0.8018000721931458,0.4285609722137451,0.00012,0.80712890625,0.4187566936016083
286,0.8012751936912537,0.4294700622558594,0.00012,0.8114711046218872,0.4113321006298065
287,0.80162113904953,0.43020278215408325,0.00012,0.8130457401275635,0.4141685962677002
288,0.8021460175514221,0.4284536838531494,0.00012,0.8100634813308716,0.4156527519226074
289,0.8018119931221008,0.4296266436576843,0.00012,0.8116142749786377,0.41258174180984497
290,0.8010962605476379,0.4294261932373047,0.00012,0.8127356171607971,0.41412895917892456
291,0.8028081059455872,0.42805588245391846,0.00012,0.8103020191192627,0.41488444805145264
292,0.8018656969070435,0.4283953607082367,0.00012,0.8095624446868896,0.4177364706993103
293,0.8029452562332153,0.42736056447029114,0.00012,0.811184823513031,0.41708630323410034
294,0.8019790053367615,0.4291526973247528,0.00012,0.8101827502250671,0.41726595163345337
295,0.8017404079437256,0.42803043127059937,0.00012,0.8112086653709412,0.4173821210861206
296,0.8034462928771973,0.4271652102470398,0.00012,0.8099918961524963,0.41512998938560486
297,0.8020028471946716,0.42801088094711304,0.00012,0.8123777508735657,0.4154002070426941
298,0.802384614944458,0.4292502701282501,0.00012,0.8097532987594604,0.41682490706443787
299,0.8016867637634277,0.4289344251155853,0.00012,0.8117573857307434,0.41464972496032715
300,0.8025873899459839,0.4287305772304535,0.00012,0.811924397945404,0.4138452112674713
301,0.802086353302002,0.428098201751709,0.00012,0.8142864108085632,0.4099782109260559
302,0.8027842044830322,0.4277728497982025,0.00012,0.8103020191192627,0.4155654311180115
303,0.8028081059455872,0.42730021476745605,0.00012,0.8142625093460083,0.4122759699821472
304,0.8024800419807434,0.42764991521835327,0.00012,0.8111132383346558,0.41577160358428955
305,0.8025695085525513,0.42835313081741333,0.00012,0.8113040924072266,0.4133678674697876
306,0.8016032576560974,0.42762407660484314,0.00012,0.8101111650466919,0.4153610169887543
307,0.8024562001228333,0.4278895854949951,0.00012,0.8092761635780334,0.41901567578315735
308,0.8031361103057861,0.4283986985683441,0.00012,0.8118289709091187,0.4140371084213257
309,0.8028736710548401,0.42690351605415344,0.00012,0.8114233613014221,0.414446622133255
310,0.8030168414115906,0.42704784870147705,0.00012,0.8109939694404602,0.4155702292919159
311,0.8026231527328491,0.42756226658821106,0.00012,0.811184823513031,0.41321972012519836
312,0.8037564158439636,0.42604395747184753,0.00012,0.811399519443512,0.4160892367362976
313,0.8024621605873108,0.42636561393737793,0.00012,0.8117573857307434,0.41230452060699463
314,0.8026410937309265,0.42713791131973267,0.00012,0.8154793381690979,0.4094972610473633
315,0.8038995862007141,0.42669370770454407,0.00012,0.8109939694404602,0.41404473781585693
316,0.8026291728019714,0.4269983470439911,0.00012,0.8128548860549927,0.4101284444332123
317,0.8029810786247253,0.42830386757850647,0.00012,0.8139285445213318,0.40982872247695923
318,0.8028379082679749,0.4270574748516083,0.00012,0.8130696415901184,0.40988072752952576
319,0.8020565509796143,0.42796576023101807,0.00012,0.8083933591842651,0.4174346923828125
320,0.8017821907997131,0.42848366498947144,0.00012,0.8129503130912781,0.4078296422958374
321,0.8031898140907288,0.4261019229888916,0.00012,0.8112086653709412,0.41434741020202637
322,0.8045198917388916,0.42615213990211487,0.00012,0.8129026293754578,0.41067466139793396
323,0.8030287623405457,0.4272320866584778,0.00012,0.8089182376861572,0.4180601239204407
324,0.8034104704856873,0.4266126751899719,0.00012,0.8130934834480286,0.4117063581943512
325,0.8026171922683716,0.427869975566864,0.00012,0.8112564086914062,0.4122699201107025
326,0.8040128946304321,0.42541787028312683,0.00012,0.811399519443512,0.41404321789741516
327,0.8045616149902344,0.4251622259616852,0.00012,0.8114711046218872,0.4126746654510498
328,0.8041083216667175,0.4254392385482788,0.00012,0.8112564086914062,0.4107777774333954
329,0.8034939765930176,0.42706888914108276,0.00012,0.8103736042976379,0.41554200649261475
330,0.8041739463806152,0.4263051748275757,0.00012,0.8113040924072266,0.4127679169178009
331,0.8043230772018433,0.4249376356601715,0.00012,0.812687873840332,0.4105927050113678
332,0.80352383852005,0.4264644980430603,0.00012,0.8092045783996582,0.4154822528362274
333,0.8036371469497681,0.42621439695358276,0.00012,0.8153361678123474,0.409419983625412
334,0.803839921951294,0.42707836627960205,0.00012,0.8145726919174194,0.4119534492492676
335,0.8033627867698669,0.4261414706707001,0.00012,0.81089848279953,0.41334953904151917
336,0.8035655617713928,0.4259214997291565,0.00012,0.8157894611358643,0.4052341878414154
337,0.8035655617713928,0.4253670573234558,0.00012,0.8130218982696533,0.41230037808418274
338,0.8039771318435669,0.42619389295578003,0.00012,0.8123777508735657,0.40945732593536377
339,0.8031539916992188,0.42633187770843506,0.00012,0.8100873231887817,0.41378748416900635
340,0.8040904402732849,0.42559748888015747,0.00012,0.8129980564117432,0.4120136499404907
341,0.8039234280586243,0.4253896176815033,0.00012,0.8124731779098511,0.412065327167511
342,0.8028916120529175,0.426458477973938,0.00012,0.8157894611358643,0.407774418592453
343,0.8039711713790894,0.42483898997306824,0.00012,0.81089848279953,0.4112454354763031
344,0.8042216897010803,0.42575937509536743,0.00012,0.8140955567359924,0.4099935293197632
345,0.8042037487030029,0.42532461881637573,0.00012,0.8154793381690979,0.4079856872558594
346,0.8028081059455872,0.4265362024307251,0.00012,0.8124015927314758,0.41401422023773193
347,0.8046809434890747,0.4250624179840088,0.00012,0.8132604956626892,0.4102151393890381
348,0.8037146925926208,0.4245359003543854,0.00012,0.8109700679779053,0.41410622000694275
349,0.8040904402732849,0.42513808608055115,0.00012,0.811948299407959,0.41129419207572937
350,0.8038697838783264,0.4254136085510254,0.00012,0.8124015927314758,0.41388002038002014
351,0.8041262030601501,0.4249156415462494,0.00012,0.8125924468040466,0.41341859102249146
352,0.8035357594490051,0.4263305068016052,0.00012,0.8130457401275635,0.41085171699523926
353,0.8035774827003479,0.42476874589920044,0.00012,0.816481351852417,0.40551701188087463
354,0.8042932152748108,0.4247503876686096,0.00012,0.8136183619499207,0.40947437286376953
355,0.8051044344902039,0.4238227903842926,0.00012,0.8145726919174194,0.4091012477874756
356,0.8047584891319275,0.4245584011077881,0.00012,0.8122345805168152,0.41312018036842346
357,0.804000973701477,0.4251948893070221,0.00012,0.8148589730262756,0.4082316756248474
358,0.8037922382354736,0.4244515299797058,0.00012,0.8119005560874939,0.4125117063522339
359,0.8046272397041321,0.4244059920310974,0.00012,0.8083933591842651,0.4149555563926697
360,0.8043707609176636,0.42406728863716125,0.00012,0.8169585466384888,0.4073416590690613
361,0.8053370118141174,0.4239550232887268,0.00012,0.8123538494110107,0.41027456521987915
