epoch,accuracy,loss,val_accuracy,val_loss
0,0.5794414281845093,0.7530155181884766,0.6417412757873535,0.6386180520057678
1,0.6601643562316895,0.6238309741020203,0.6877135634422302,0.6065853238105774
2,0.6841157674789429,0.6013922691345215,0.6813669800758362,0.6014827489852905
3,0.6966152787208557,0.5901982188224792,0.6814483404159546,0.60316002368927
4,0.7032057046890259,0.5808137059211731,0.6990236043930054,0.5868964791297913
5,0.7085045576095581,0.5754114985466003,0.7017087340354919,0.5821640491485596
6,0.7115861773490906,0.5710923075675964,0.7053702473640442,0.5799140930175781
7,0.7143322229385376,0.5662917494773865,0.6915378570556641,0.5923226475715637
8,0.7159391641616821,0.5648233294487,0.7030919194221497,0.5772181749343872
9,0.7169053554534912,0.56255704164505,0.7061025500297546,0.5741646885871887
10,0.7191224694252014,0.5610016584396362,0.690886914730072,0.5938237905502319
11,0.7204548120498657,0.5596932172775269,0.6995118260383606,0.5767220258712769
12,0.7208006381988525,0.5575934648513794,0.7126118540763855,0.5665299296379089
13,0.7225499153137207,0.5561484098434448,0.7070789337158203,0.5689290761947632
14,0.7246145606040955,0.5535955429077148,0.7197721600532532,0.5599995255470276
15,0.7250518798828125,0.5527647137641907,0.7019528150558472,0.577418863773346
16,0.7255807518959045,0.5502350926399231,0.7017900943756104,0.5739372372627258
17,0.7258045077323914,0.550655722618103,0.7109845280647278,0.5652536153793335
18,0.7272893786430359,0.5486941337585449,0.7221317887306213,0.5571134686470032
19,0.7259570360183716,0.5488597750663757,0.7210740447044373,0.5591127276420593
20,0.7297912836074829,0.5462731122970581,0.713344156742096,0.5641121864318848
21,0.7292014360427856,0.5464837551116943,0.71993488073349,0.558365523815155
22,0.7279097437858582,0.5465510487556458,0.7200163006782532,0.5562269687652588
23,0.7302693128585815,0.544205367565155,0.7154597043991089,0.5723317861557007
24,0.7303709983825684,0.5443854331970215,0.7203417420387268,0.5555483102798462
25,0.7300150394439697,0.5429884195327759,0.7294548153877258,0.554276704788208
26,0.7310422658920288,0.5428496599197388,0.7270138263702393,0.5511637926101685
27,0.729343831539154,0.5431254506111145,0.7270951867103577,0.5513954162597656
28,0.7317135334014893,0.5423619151115417,0.726769745349884,0.5518324375152588
29,0.7322830557823181,0.5416460633277893,0.7245728373527527,0.5505446195602417
30,0.7307066321372986,0.5409438610076904,0.7206671833992004,0.5527907013893127
31,0.732974648475647,0.5401192307472229,0.7153783440589905,0.5619027614593506
32,0.7336357235908508,0.5387482643127441,0.7165175080299377,0.5594747066497803
33,0.7332085967063904,0.5395613312721252,0.7181448340415955,0.5572000741958618
34,0.7333102822303772,0.5392164587974548,0.7264442443847656,0.5518450736999512
35,0.7353647351264954,0.5375159382820129,0.7270951867103577,0.5464920997619629
36,0.733473002910614,0.5381786227226257,0.7161106467247009,0.5635296106338501
37,0.734093427658081,0.5368965864181519,0.722945511341095,0.5554839372634888
38,0.733442485332489,0.53752201795578,0.7221317887306213,0.5591662526130676
39,0.7353443503379822,0.5371308922767639,0.7141578793525696,0.5724583864212036
40,0.733625590801239,0.5380285978317261,0.7347437143325806,0.5446855425834656
41,0.7338899970054626,0.5378818511962891,0.7170056700706482,0.5646790862083435
42,0.7364428043365479,0.5353103280067444,0.7306753396987915,0.5465062260627747
43,0.7353952527046204,0.5358359813690186,0.7269324660301208,0.547256588935852
44,0.7363004088401794,0.5346208810806274,0.7200976610183716,0.5537920594215393
45,0.7372055649757385,0.5340188145637512,0.7290480136871338,0.5512742400169373
46,0.7362902164459229,0.5344759225845337,0.718063473701477,0.5543845891952515
47,0.7374293208122253,0.5340275168418884,0.7120423316955566,0.5625318884849548
48,0.7375717163085938,0.5319977402687073,0.7071602940559387,0.568449079990387
49,0.7382124662399292,0.5332473516464233,0.716761589050293,0.5557637214660645
50,0.7359037399291992,0.5331792235374451,0.7198535203933716,0.5564789772033691
51,0.7439485788345337,0.5237575769424438,0.7280716300010681,0.5439210534095764
52,0.7428094744682312,0.5226808190345764,0.7294548153877258,0.5452685356140137
53,0.7437146306037903,0.5231516361236572,0.7328722476959229,0.5381864309310913
54,0.7437350153923035,0.5221051573753357,0.7344182133674622,0.5411413311958313
55,0.7451791763305664,0.5203708410263062,0.7285597920417786,0.5456668734550476
56,0.7454436421394348,0.5212603211402893,0.7347437143325806,0.5376332402229309
57,0.7428908348083496,0.5215861201286316,0.7283970713615417,0.5483760833740234
58,0.7464911937713623,0.5204895734786987,0.7327908873558044,0.5378766059875488
59,0.7456368803977966,0.5210222601890564,0.7179821133613586,0.5535802841186523
60,0.7464810013771057,0.5203866362571716,0.7241659760475159,0.5507763028144836
61,0.7462674379348755,0.5191203951835632,0.7293734550476074,0.5432519316673279
62,0.7460945248603821,0.5176786780357361,0.7355573773384094,0.5379723310470581
63,0.745219886302948,0.5195335745811462,0.7392188906669617,0.5344182252883911
64,0.745311439037323,0.5191521048545837,0.7390561699867249,0.5360885262489319
65,0.7454944849014282,0.5189566016197205,0.7310008406639099,0.5390951633453369
66,0.7453724145889282,0.518600583076477,0.7405207753181458,0.5368074178695679
67,0.7452910542488098,0.5180822610855103,0.7247355580329895,0.5439367890357971
68,0.7468979954719543,0.5178815722465515,0.729943037033081,0.5439254641532898
69,0.7476608157157898,0.5178053379058838,0.728885293006897,0.5439236760139465
70,0.7463081479072571,0.5183641314506531,0.7279088497161865,0.5426797270774841
71,0.7453215718269348,0.518390953540802,0.7311635613441467,0.5387040972709656
72,0.7459623217582703,0.5188184976577759,0.7266883850097656,0.5445770025253296
73,0.7484744191169739,0.516412615776062,0.7346623539924622,0.5390931367874146
74,0.7474879026412964,0.5178871154785156,0.7309194207191467,0.5430891513824463
75,0.7475692629814148,0.5164380073547363,0.7177379727363586,0.5497702956199646
76,0.7461962699890137,0.5180182456970215,0.726525604724884,0.5448330640792847
77,0.7463895082473755,0.5174921154975891,0.7318958640098572,0.5408467054367065
78,0.7488100528717041,0.5162708163261414,0.7296989560127258,0.5417421460151672
79,0.7473862171173096,0.5166376233100891,0.7290480136871338,0.5443444848060608
80,0.7483829259872437,0.5165627598762512,0.7148087620735168,0.5592837929725647
81,0.7477319836616516,0.5153751373291016,0.7359641790390015,0.537202000617981
82,0.7476302981376648,0.5161777138710022,0.7224572896957397,0.5468390583992004
83,0.7485151290893555,0.5164713263511658,0.734580934047699,0.5387038588523865
84,0.7486371397972107,0.5153488516807556,0.7301057577133179,0.5410121083259583
85,0.7480269074440002,0.5151582956314087,0.729536235332489,0.5424420237541199
86,0.7484947443008423,0.5149315595626831,0.7401139140129089,0.5344985723495483
87,0.7482710480690002,0.5151111483573914,0.7326281666755676,0.5409936308860779
88,0.7483930587768555,0.5154244899749756,0.7340927720069885,0.5356816649436951
89,0.7496643662452698,0.5146711468696594,0.7304312586784363,0.5433657169342041
90,0.7484947443008423,0.5144826769828796,0.7303498983383179,0.5431055426597595
91,0.7482608556747437,0.51483553647995,0.7071602940559387,0.5701891779899597
92,0.7485964894294739,0.5148928165435791,0.7371847033500671,0.5365843176841736
93,0.7488710880279541,0.513394296169281,0.7280716300010681,0.5405352711677551
94,0.74787437915802,0.5144854187965393,0.7362083196640015,0.5382495522499084
95,0.7498677968978882,0.5141807198524475,0.732709527015686,0.5380710363388062
96,0.7502440810203552,0.512764036655426,0.7323840260505676,0.5398221611976624
97,0.7505186796188354,0.5122218132019043,0.7301871180534363,0.5418998003005981
98,0.7506102323532104,0.5129227042198181,0.7330349683761597,0.5404732823371887
99,0.7485252618789673,0.5147532224655151,0.7303498983383179,0.5422201752662659
100,0.7514442205429077,0.5125681161880493,0.7318145036697388,0.5440220832824707
101,0.7538444399833679,0.5067064762115479,0.7294548153877258,0.5427563786506653
102,0.7547699213027954,0.5058320760726929,0.7356387376785278,0.5366915464401245
103,0.75443434715271,0.506180465221405,0.7343368530273438,0.5390621423721313
104,0.752776563167572,0.5069036483764648,0.7317331433296204,0.5377897620201111
105,0.7549835443496704,0.5053896307945251,0.7315703630447388,0.5362957715988159
106,0.7544749975204468,0.5061205625534058,0.7368592619895935,0.5332058072090149
107,0.7537528872489929,0.5059127807617188,0.7329536080360413,0.5352373123168945
108,0.7541292309761047,0.505632758140564,0.7327908873558044,0.5387290716171265
109,0.7565090656280518,0.5042864084243774,0.7331977486610413,0.5343015193939209
110,0.7540376782417297,0.5053800940513611,0.7340927720069885,0.5380363464355469
111,0.7539969682693481,0.504848301410675,0.7341741323471069,0.5369078516960144
112,0.754841148853302,0.5043243765830994,0.7329536080360413,0.536291778087616
113,0.7531934976577759,0.5054004192352295,0.7388933897018433,0.5334429144859314
114,0.7540478706359863,0.5054901242256165,0.7311635613441467,0.5391299724578857
115,0.7540987133979797,0.5052313208580017,0.7338486313819885,0.5339247584342957
116,0.7557971477508545,0.5054567456245422,0.7337672710418701,0.5352877378463745
117,0.7549631595611572,0.5044889450073242,0.7341741323471069,0.536555290222168
118,0.7553293108940125,0.5045415163040161,0.7341741323471069,0.5383809208869934
119,0.7561632990837097,0.5039562582969666,0.7335231900215149,0.5358197689056396
120,0.7540478706359863,0.5041208267211914,0.7288039326667786,0.5393939018249512
121,0.7557666301727295,0.5043190121650696,0.735476016998291,0.5355520248413086
122,0.755247950553894,0.5034430623054504,0.7381610870361328,0.5339803695678711
123,0.7557971477508545,0.5035519003868103,0.7358014583587646,0.5316258072853088
124,0.7552987933158875,0.5040026903152466,0.7366964817047119,0.5331296920776367
125,0.7546987533569336,0.5037869215011597,0.732058584690094,0.5387623906135559
126,0.7559598684310913,0.5038911700248718,0.7318145036697388,0.538508415222168
127,0.7555632591247559,0.5033312439918518,0.7257933020591736,0.5457699298858643
128,0.7540987133979797,0.5044173002243042,0.7327908873558044,0.5379454493522644
129,0.7550649046897888,0.5035586357116699,0.7303498983383179,0.5380331873893738
130,0.7555733919143677,0.5025051236152649,0.7397070527076721,0.532241702079773
131,0.7554106712341309,0.5031397938728333,0.7342554926872253,0.5345185995101929
132,0.7566616535186768,0.5023260712623596,0.7334418296813965,0.5347381234169006
133,0.7570786476135254,0.5028303861618042,0.7317331433296204,0.5352696180343628
134,0.7571498155593872,0.5023104548454285,0.7326281666755676,0.5354917645454407
135,0.7559192180633545,0.5029014945030212,0.7326281666755676,0.5341925621032715
136,0.7564887404441833,0.5025858283042908,0.737347424030304,0.5321140289306641
137,0.755186915397644,0.50291508436203,0.7336045503616333,0.5336013436317444
138,0.7556242346763611,0.5020633339881897,0.737347424030304,0.5331504344940186
139,0.7560005784034729,0.5026065707206726,0.7307567000389099,0.5365017652511597
140,0.754810631275177,0.502036988735199,0.7360455393791199,0.5376657247543335
141,0.7572413682937622,0.5012255907058716,0.7341741323471069,0.5339968800544739
142,0.7578414082527161,0.5010422468185425,0.723352313041687,0.5422974228858948
143,0.7572616934776306,0.5009467005729675,0.7351505160331726,0.5346119403839111
144,0.7561225891113281,0.5007412433624268,0.7283970713615417,0.5442999005317688
145,0.7566819787025452,0.5025401711463928,0.7323840260505676,0.5374173521995544
146,0.7566616535186768,0.5015414357185364,0.738649308681488,0.5326766967773438
147,0.7577397227287292,0.5013912320137024,0.7382424473762512,0.5321717858314514
148,0.7565294504165649,0.5010548830032349,0.735476016998291,0.5354617834091187
149,0.757404088973999,0.5006961822509766,0.7332791090011597,0.5376285314559937
150,0.757526159286499,0.5016720294952393,0.7310008406639099,0.5384005308151245
151,0.7608518600463867,0.4974871873855591,0.7332791090011597,0.5335787534713745
152,0.760058581829071,0.4963187575340271,0.7349877953529358,0.5356404781341553
153,0.7604450583457947,0.49665367603302,0.7339300513267517,0.5345404744148254
154,0.7591025829315186,0.49719536304473877,0.7334418296813965,0.5332944393157959
155,0.759936511516571,0.49643489718437195,0.7336859107017517,0.5370720624923706
156,0.7609332203865051,0.496640682220459,0.7290480136871338,0.5453109741210938
157,0.7589805126190186,0.49747809767723083,0.737591564655304,0.5346769094467163
158,0.7583702802658081,0.4976195693016052,0.7317331433296204,0.5379847884178162
159,0.7603433728218079,0.49628040194511414,0.7400325536727905,0.532145619392395
160,0.7599467039108276,0.4970293641090393,0.7325468063354492,0.5347460508346558
161,0.7606077790260315,0.49668434262275696,0.7360455393791199,0.5356175899505615
162,0.759122908115387,0.49620670080184937,0.7325468063354492,0.5351342558860779
163,0.760028064250946,0.4964575469493866,0.7372660636901855,0.5322412252426147
164,0.7595805525779724,0.4967305660247803,0.7358014583587646,0.5343955159187317
165,0.7607501745223999,0.4958534240722656,0.7364524006843567,0.5341928601264954
166,0.7597941756248474,0.49615639448165894,0.7315703630447388,0.537608802318573
167,0.7604552507400513,0.4963094890117645,0.7359641790390015,0.5332335233688354
168,0.7588686347007751,0.49628570675849915,0.7360455393791199,0.5320613980293274
169,0.760150134563446,0.49643462896347046,0.7367778420448303,0.5323742032051086
170,0.7589907050132751,0.4960428476333618,0.7383238673210144,0.532238245010376
171,0.7610247731208801,0.4949467182159424,0.7360455393791199,0.5351187586784363
172,0.7603229880332947,0.49548232555389404,0.7381610870361328,0.5303940176963806
173,0.7593771815299988,0.4957909882068634,0.7397884726524353,0.5306061506271362
174,0.7608722448348999,0.49522897601127625,0.7382424473762512,0.5325981378555298
175,0.7603840231895447,0.4961339235305786,0.7365337610244751,0.5326524972915649
176,0.7591025829315186,0.49621230363845825,0.7356387376785278,0.5324104428291321
177,0.7605467438697815,0.4950357973575592,0.7366964817047119,0.5323775410652161
178,0.7607806921005249,0.49570921063423157,0.7356387376785278,0.5335242748260498
179,0.7605060935020447,0.49607276916503906,0.7331977486610413,0.535444438457489
180,0.7609128952026367,0.49516788125038147,0.7364524006843567,0.5316606760025024
181,0.7594178318977356,0.49559929966926575,0.7385679483413696,0.532128095626831
182,0.7606382966041565,0.4953435957431793,0.7359641790390015,0.532547116279602
183,0.7611773610115051,0.49490752816200256,0.7377542853355408,0.5316499471664429
184,0.7602314949035645,0.49509450793266296,0.7341741323471069,0.5343105792999268
185,0.7602314949035645,0.4956047832965851,0.7369406223297119,0.5327679514884949
186,0.7591025829315186,0.4963277578353882,0.7370219826698303,0.5328097343444824
187,0.7609536051750183,0.4946395754814148,0.7371033430099487,0.5354693531990051
188,0.7598755359649658,0.49468618631362915,0.7337672710418701,0.5391421318054199
189,0.7595093846321106,0.4955257177352905,0.737591564655304,0.5332874059677124
190,0.761624813079834,0.4948054254055023,0.7336859107017517,0.537882924079895
191,0.7604857683181763,0.49595433473587036,0.7362083196640015,0.534024178981781
192,0.7608925700187683,0.49394503235816956,0.7349064350128174,0.5354377627372742
193,0.7619909644126892,0.4936595559120178,0.7384052276611328,0.5312759280204773
194,0.761807918548584,0.49426260590553284,0.7368592619895935,0.5330349206924438
195,0.7603942155838013,0.4944537580013275,0.7376729249954224,0.5316858291625977
196,0.7616044878959656,0.49394118785858154,0.7362896800041199,0.5319491624832153
197,0.7615536451339722,0.4948281943798065,0.7343368530273438,0.5320734977722168
198,0.7619503140449524,0.4951285123825073,0.7366151213645935,0.5315350294113159
199,0.7614112496376038,0.49318480491638184,0.737591564655304,0.5329920649528503
200,0.7602823376655579,0.49473920464515686,0.7253865003585815,0.5438323020935059
201,0.7613705992698669,0.4927408695220947,0.7371847033500671,0.5312187671661377
202,0.7626825571060181,0.49163490533828735,0.7379170060157776,0.5334808230400085
203,0.7633843421936035,0.49167731404304504,0.7393002510070801,0.5314425230026245
204,0.7635063529014587,0.49061957001686096,0.7358828186988831,0.5333626866340637
205,0.7627741098403931,0.49195486307144165,0.7358014583587646,0.5336422324180603
206,0.7624181509017944,0.4917726516723633,0.7350691556930542,0.5359322428703308
207,0.7618180513381958,0.4923478960990906,0.7367778420448303,0.534203827381134
208,0.7622655630111694,0.49286049604415894,0.7343368530273438,0.5338069200515747
209,0.7630588412284851,0.49172231554985046,0.7363710403442383,0.5308190584182739
210,0.7632419466972351,0.4926843047142029,0.7366151213645935,0.5311706066131592
211,0.7626927495002747,0.49193960428237915,0.7378356456756592,0.5310782194137573
212,0.7619909644126892,0.49210622906684875,0.7374287843704224,0.5320397615432739
213,0.7612688541412354,0.49190935492515564,0.7365337610244751,0.5323081016540527
214,0.7631911039352417,0.4914087951183319,0.7378356456756592,0.5323554277420044
215,0.7620316743850708,0.49165934324264526,0.7361269593238831,0.5308637619018555
216,0.7636894583702087,0.49082112312316895,0.7384052276611328,0.5320919752120972
217,0.7620011568069458,0.4922229051589966,0.737998366355896,0.5309013724327087
218,0.7630588412284851,0.49172335863113403,0.735231876373291,0.5324008464813232
219,0.7641165852546692,0.4915735125541687,0.737998366355896,0.53072589635849
220,0.7631809115409851,0.49223101139068604,0.7359641790390015,0.5329046249389648
