epoch,accuracy,loss,val_accuracy,val_loss
0,0.584416925907135,0.681463360786438,0.6158819198608398,0.6624022126197815
1,0.5941208600997925,0.6717203855514526,0.6185137033462524,0.6608527302742004
2,0.595596432685852,0.6706346869468689,0.6219284534454346,0.6592341065406799
3,0.59706050157547,0.6699480414390564,0.6238098740577698,0.6562216877937317
4,0.597675621509552,0.6695893406867981,0.6198078393936157,0.6584341526031494
5,0.5978312492370605,0.6692351698875427,0.6241198182106018,0.6566091179847717
6,0.5984959602355957,0.6688910126686096,0.6132012605667114,0.6633286476135254
7,0.5987739562988281,0.6686550974845886,0.6178231239318848,0.6605978608131409
8,0.5994333028793335,0.6683225035667419,0.6205636262893677,0.6585723161697388
9,0.5997860431671143,0.668089747428894,0.6269636154174805,0.6552360653877258
10,0.599962055683136,0.6680376529693604,0.6215533018112183,0.6588380336761475
11,0.6003291010856628,0.6676906943321228,0.6228256821632385,0.6557613611221313
12,0.6003862023353577,0.6675899028778076,0.6207213401794434,0.657341718673706
13,0.6006281971931458,0.6673479080200195,0.6205527782440186,0.6586440205574036
14,0.6011922955513,0.6671885251998901,0.6188889145851135,0.6590620279312134
15,0.6016082763671875,0.6670882105827332,0.6198621988296509,0.6590815186500549
16,0.6015117764472961,0.6668981313705444,0.617763340473175,0.6603212356567383
17,0.6017890572547913,0.6668470501899719,0.6270941495895386,0.6550204753875732
18,0.6019209623336792,0.6667309403419495,0.6189758777618408,0.6596038341522217
19,0.6026821732521057,0.6664013266563416,0.6230594515800476,0.6570266485214233
20,0.6023634076118469,0.6664411425590515,0.6212487816810608,0.658471405506134
21,0.6023321747779846,0.6662975549697876,0.6195522546768188,0.6592010259628296
22,0.6026196479797363,0.6662975549697876,0.6209442615509033,0.657837986946106
23,0.6027582883834839,0.6660231947898865,0.6268820762634277,0.6549050807952881
24,0.6029037833213806,0.6660483479499817,0.6039519906044006,0.6664760708808899
25,0.6031756401062012,0.6659375429153442,0.6186007261276245,0.6603657603263855
26,0.6030376553535461,0.6658867001533508,0.6237935423851013,0.6581209301948547
27,0.6033122539520264,0.6657384634017944,0.6253595352172852,0.6559642553329468
28,0.6036242246627808,0.6655532121658325,0.6192803978919983,0.6590732932090759
29,0.6035392880439758,0.6655892133712769,0.6245710849761963,0.656615138053894
30,0.6040347814559937,0.6654638051986694,0.6208735704421997,0.6580572724342346
31,0.6038832068443298,0.6654592752456665,0.6186441779136658,0.6603831648826599
32,0.6042481660842896,0.6652123928070068,0.6243101358413696,0.6556874513626099
33,0.6042978167533875,0.6651932597160339,0.6225483417510986,0.6574152708053589
34,0.604543149471283,0.6651712656021118,0.6161320805549622,0.6612663865089417
35,0.6046240329742432,0.6651383638381958,0.6186714172363281,0.6591451168060303
36,0.6046199798583984,0.6649358868598938,0.6235162615776062,0.6569108963012695
37,0.6051698327064514,0.6648207902908325,0.6237555146217346,0.6564697623252869
38,0.6047511696815491,0.6648477911949158,0.6192695498466492,0.6587518453598022
39,0.6053159832954407,0.6646566987037659,0.6191444396972656,0.6589885354042053
40,0.6049516797065735,0.6647047996520996,0.6238424777984619,0.6566995978355408
41,0.6048660278320312,0.6646214723587036,0.6223036646842957,0.6580052375793457
42,0.6056109666824341,0.6644701957702637,0.6174642443656921,0.6598649621009827
43,0.6056313514709473,0.6644142866134644,0.6215533018112183,0.6571964025497437
44,0.6050413846969604,0.6644297242164612,0.6222601532936096,0.657065749168396
45,0.6058685779571533,0.6643403768539429,0.6232171654701233,0.6568921208381653
46,0.6057978868484497,0.6642591953277588,0.6249191164970398,0.6558342576026917
47,0.6057699918746948,0.6642446517944336,0.6253976225852966,0.6552090048789978
48,0.6057713627815247,0.6641150116920471,0.621346652507782,0.6578561663627625
49,0.6061166524887085,0.6640329360961914,0.6200307607650757,0.6579362154006958
50,0.6061866283416748,0.6640098094940186,0.6248593330383301,0.6547664999961853
51,0.6083813905715942,0.6624718308448792,0.6221514344215393,0.6574528813362122
52,0.6084622740745544,0.6621789932250977,0.619383692741394,0.6592367887496948
53,0.6085247993469238,0.6621555685997009,0.6211128234863281,0.6578264832496643
54,0.6085206866264343,0.6620162725448608,0.6208083629608154,0.6580723524093628
55,0.6085370182991028,0.6619941592216492,0.6196120977401733,0.6587070226669312
56,0.6089590787887573,0.6618491411209106,0.617143452167511,0.6600175499916077
57,0.6093302369117737,0.6618000864982605,0.6188344955444336,0.659728467464447
58,0.6086471080780029,0.6618151664733887,0.6244515180587769,0.65555340051651
59,0.6090821027755737,0.6617652773857117,0.618829071521759,0.6588375568389893
60,0.6092643141746521,0.6616158485412598,0.6211889982223511,0.658137321472168
61,0.6093655824661255,0.6616217494010925,0.6207756996154785,0.6586766242980957
62,0.6090101003646851,0.661575436592102,0.6209605932235718,0.6578004360198975
63,0.6088659763336182,0.6615208983421326,0.621901273727417,0.6577234864234924
64,0.6092635989189148,0.6613458395004272,0.6162081956863403,0.6614258289337158
65,0.6095735430717468,0.6613701581954956,0.6209388375282288,0.6589964032173157
66,0.6092166900634766,0.6612988114356995,0.6162897348403931,0.6608717441558838
67,0.6098209619522095,0.6612300276756287,0.6207594275474548,0.6584428548812866
68,0.6099174618721008,0.6611518263816833,0.6219066977500916,0.6567869186401367
69,0.6094600558280945,0.6611627340316772,0.6220154762268066,0.658020555973053
70,0.6100656390190125,0.6609952449798584,0.6204657554626465,0.6589073538780212
71,0.6100343465805054,0.6611343026161194,0.6197153925895691,0.6587905287742615
72,0.6100969314575195,0.660929262638092,0.6179101467132568,0.6601606011390686
73,0.6100581884384155,0.6609885692596436,0.6196556091308594,0.6597816944122314
74,0.6102328300476074,0.6609722971916199,0.6218143105506897,0.6571510434150696
75,0.6101934313774109,0.6608554124832153,0.6236141324043274,0.6568594574928284
